2021-02-23 15:38:06.630 UTC [340468] LOG:  database system was shut down at 2021-02-23 15:38:05 UTC
2021-02-23 15:38:06.636 UTC [340463] LOG:  database system is ready to accept connections
2021-02-23 15:39:21.934 UTC [340481] LOG:  statement: SELECT COUNT(*) FROM title as t,
        kind_type as kt,
        info_type as it1,
        movie_info as mi1,
        movie_info as mi2,
        info_type as it2,
        cast_info as ci,
        role_type as rt,
        name as n,
        movie_keyword as mk,
        keyword as k
        WHERE
        t.id = ci.movie_id
        AND t.id = mi1.movie_id
        AND t.id = mi2.movie_id
        AND t.id = mk.movie_id
        AND k.id = mk.keyword_id
        AND mi1.movie_id = mi2.movie_id
        AND mi1.info_type_id = it1.id
        AND mi2.info_type_id = it2.id
        AND (it1.id in ('7'))
        AND (it2.id in ('3'))
        AND t.kind_id = kt.id
        AND ci.person_id = n.id
        AND ci.role_id = rt.id
        AND (mi1.info in ('PCS:Spherical','PFM:16 mm','PFM:35 mm','RAT:1.33 : 1','RAT:1.66 : 1','RAT:1.85 : 1'))
        AND (mi2.info in ('Adult','Comedy','Documentary','Drama','Mystery','Romance','Short','Thriller','Western'))
        AND (kt.kind in ('tv series','video game','video movie'))
        AND (rt.role in ('miscellaneous crew','producer'))
        AND (n.gender in ('f','m'))
        AND (t.production_year <= 1990)
        AND (t.production_year >= 1950)

2021-02-23 15:39:21.978 UTC [340481] LOG:  Bao planning selected arm 0, in 40.526000 CPU ms.
2021-02-23 15:39:21.978 UTC [340481] STATEMENT:  SELECT COUNT(*) FROM title as t,
        kind_type as kt,
        info_type as it1,
        movie_info as mi1,
        movie_info as mi2,
        info_type as it2,
        cast_info as ci,
        role_type as rt,
        name as n,
        movie_keyword as mk,
        keyword as k
        WHERE
        t.id = ci.movie_id
        AND t.id = mi1.movie_id
        AND t.id = mi2.movie_id
        AND t.id = mk.movie_id
        AND k.id = mk.keyword_id
        AND mi1.movie_id = mi2.movie_id
        AND mi1.info_type_id = it1.id
        AND mi2.info_type_id = it2.id
        AND (it1.id in ('7'))
        AND (it2.id in ('3'))
        AND t.kind_id = kt.id
        AND ci.person_id = n.id
        AND ci.role_id = rt.id
        AND (mi1.info in ('PCS:Spherical','PFM:16 mm','PFM:35 mm','RAT:1.33 : 1','RAT:1.66 : 1','RAT:1.85 : 1'))
        AND (mi2.info in ('Adult','Comedy','Documentary','Drama','Mystery','Romance','Short','Thriller','Western'))
        AND (kt.kind in ('tv series','video game','video movie'))
        AND (rt.role in ('miscellaneous crew','producer'))
        AND (n.gender in ('f','m'))
        AND (t.production_year <= 1990)
        AND (t.production_year >= 1950)

2021-02-23 15:39:23.568 UTC [340484] LOG:  statement: SELECT MIN(n.name) AS member_in_charnamed_movie FROM cast_info AS ci, company_name AS cn, keyword AS k, movie_companies AS mc, movie_keyword AS mk, name AS n, title AS t WHERE cn.country_code ='[us]' AND k.keyword ='character-name-in-title' AND n.id = ci.person_id AND ci.movie_id = t.id AND t.id = mk.movie_id AND mk.keyword_id = k.id AND t.id = mc.movie_id AND mc.company_id = cn.id AND ci.movie_id = mc.movie_id AND ci.movie_id = mk.movie_id AND mc.movie_id = mk.movie_id;

2021-02-23 15:39:23.596 UTC [340484] LOG:  Bao planning selected arm 0, in 26.468000 CPU ms.
2021-02-23 15:39:23.596 UTC [340484] STATEMENT:  SELECT MIN(n.name) AS member_in_charnamed_movie FROM cast_info AS ci, company_name AS cn, keyword AS k, movie_companies AS mc, movie_keyword AS mk, name AS n, title AS t WHERE cn.country_code ='[us]' AND k.keyword ='character-name-in-title' AND n.id = ci.person_id AND ci.movie_id = t.id AND t.id = mk.movie_id AND mk.keyword_id = k.id AND t.id = mc.movie_id AND mc.company_id = cn.id AND ci.movie_id = mc.movie_id AND ci.movie_id = mk.movie_id AND mc.movie_id = mk.movie_id;

2021-02-23 15:39:37.605 UTC [340487] LOG:  statement: SELECT MIN(chn.name) AS voiced_char_name, MIN(n.name) AS voicing_actress_name, MIN(t.title) AS kung_fu_panda FROM aka_name AS an, char_name AS chn, cast_info AS ci, company_name AS cn, info_type AS it, keyword AS k, movie_companies AS mc, movie_info AS mi, movie_keyword AS mk, name AS n, role_type AS rt, title AS t WHERE ci.note  in ('(voice)', '(voice: Japanese version)', '(voice) (uncredited)', '(voice: English version)') AND cn.country_code ='[us]' AND cn.name  = 'DreamWorks Animation' AND it.info  = 'release dates' AND k.keyword  in ('hero', 'martial-arts', 'hand-to-hand-combat', 'computer-animated-movie') AND mi.info  is not null and (mi.info like 'Japan:%201%' or mi.info like 'USA:%201%') AND n.gender ='f' and n.name like '%An%' AND rt.role ='actress' AND t.production_year  > 2010 AND t.title like 'Kung Fu Panda%' AND t.id = mi.movie_id AND t.id = mc.movie_id AND t.id = ci.movie_id AND t.id = mk.movie_id AND mc.movie_id = ci.movie_id AND mc.movie_id = mi.movie_id AND mc.movie_id = mk.movie_id AND mi.movie_id = ci.movie_id AND mi.movie_id = mk.movie_id AND ci.movie_id = mk.movie_id AND cn.id = mc.company_id AND it.id = mi.info_type_id AND n.id = ci.person_id AND rt.id = ci.role_id AND n.id = an.person_id AND ci.person_id = an.person_id AND chn.id = ci.person_role_id AND k.id = mk.keyword_id;

2021-02-23 15:39:37.732 UTC [340487] LOG:  Bao planning selected arm 0, in 125.077000 CPU ms.
2021-02-23 15:39:37.732 UTC [340487] STATEMENT:  SELECT MIN(chn.name) AS voiced_char_name, MIN(n.name) AS voicing_actress_name, MIN(t.title) AS kung_fu_panda FROM aka_name AS an, char_name AS chn, cast_info AS ci, company_name AS cn, info_type AS it, keyword AS k, movie_companies AS mc, movie_info AS mi, movie_keyword AS mk, name AS n, role_type AS rt, title AS t WHERE ci.note  in ('(voice)', '(voice: Japanese version)', '(voice) (uncredited)', '(voice: English version)') AND cn.country_code ='[us]' AND cn.name  = 'DreamWorks Animation' AND it.info  = 'release dates' AND k.keyword  in ('hero', 'martial-arts', 'hand-to-hand-combat', 'computer-animated-movie') AND mi.info  is not null and (mi.info like 'Japan:%201%' or mi.info like 'USA:%201%') AND n.gender ='f' and n.name like '%An%' AND rt.role ='actress' AND t.production_year  > 2010 AND t.title like 'Kung Fu Panda%' AND t.id = mi.movie_id AND t.id = mc.movie_id AND t.id = ci.movie_id AND t.id = mk.movie_id AND mc.movie_id = ci.movie_id AND mc.movie_id = mi.movie_id AND mc.movie_id = mk.movie_id AND mi.movie_id = ci.movie_id AND mi.movie_id = mk.movie_id AND ci.movie_id = mk.movie_id AND cn.id = mc.company_id AND it.id = mi.info_type_id AND n.id = ci.person_id AND rt.id = ci.role_id AND n.id = an.person_id AND ci.person_id = an.person_id AND chn.id = ci.person_role_id AND k.id = mk.keyword_id;

2021-02-23 15:39:37.783 UTC [340489] LOG:  statement: SELECT COUNT(*)
        FROM title as t,
        movie_info as mi1,
        kind_type as kt,
        info_type as it1,
        info_type as it3,
        info_type as it4,
        movie_info_idx as mii1,
        movie_info_idx as mii2,
        movie_keyword as mk,
        keyword as k,
        aka_name as an,
        name as n,
        info_type as it5,
        person_info as pi1,
        cast_info as ci,
        role_type as rt
        WHERE
        t.id = mi1.movie_id
        AND t.id = ci.movie_id
        AND t.id = mii1.movie_id
        AND t.id = mii2.movie_id
        AND t.id = mk.movie_id
        AND mk.keyword_id = k.id
        AND mi1.info_type_id = it1.id
        AND mii1.info_type_id = it3.id
        AND mii2.info_type_id = it4.id
        AND t.kind_id = kt.id
        AND (kt.kind IN ('episode','movie'))
        AND (t.production_year <= 2015)
        AND (t.production_year >= 1925)
        AND (mi1.info IN ('Buenos Aires, Federal District, Argentina','Los Angeles, California, USA','Mexico','New York City, New York, USA','Paramount Studios - 5555 Melrose Avenue, Hollywood, Los Angeles, California, USA'))
        AND (it1.id IN ('18'))
        AND it3.id = '100'
        AND it4.id = '101'
        AND (mii2.info ~ '^(?:[1-9]\d*|0)?(?:\.\d+)?$' AND mii2.info::float <= 7.0)
        AND (mii2.info ~ '^(?:[1-9]\d*|0)?(?:\.\d+)?$' AND 3.0 <= mii2.info::float)
        AND (mii1.info ~ '^(?:[1-9]\d*|0)?(?:\.\d+)?$' AND 0.0 <= mii1.info::float)
        AND (mii1.info ~ '^(?:[1-9]\d*|0)?(?:\.\d+)?$' AND mii1.info::float <= 10000.0)
        AND n.id = ci.person_id
        AND ci.person_id = pi1.person_id
        AND it5.id = pi1.info_type_id
        AND n.id = pi1.person_id
        AND n.id = an.person_id
        AND rt.id = ci.role_id
        AND (n.gender in ('m') OR n.gender IS NULL)
        AND (n.name_pcode_nf in ('D2313','E3261','G625','J5141','K1524','L2125','M2563','M265','M3215','P3625','S5326','S6256','T5252'))
        AND (ci.note in ('(writer)') OR ci.note IS NULL)
        AND (rt.role in ('actor','director','writer'))
        AND (it5.id in ('31'))

2021-02-23 15:39:37.913 UTC [340489] LOG:  Bao planning selected arm 0, in 128.131000 CPU ms.
2021-02-23 15:39:37.913 UTC [340489] STATEMENT:  SELECT COUNT(*)
        FROM title as t,
        movie_info as mi1,
        kind_type as kt,
        info_type as it1,
        info_type as it3,
        info_type as it4,
        movie_info_idx as mii1,
        movie_info_idx as mii2,
        movie_keyword as mk,
        keyword as k,
        aka_name as an,
        name as n,
        info_type as it5,
        person_info as pi1,
        cast_info as ci,
        role_type as rt
        WHERE
        t.id = mi1.movie_id
        AND t.id = ci.movie_id
        AND t.id = mii1.movie_id
        AND t.id = mii2.movie_id
        AND t.id = mk.movie_id
        AND mk.keyword_id = k.id
        AND mi1.info_type_id = it1.id
        AND mii1.info_type_id = it3.id
        AND mii2.info_type_id = it4.id
        AND t.kind_id = kt.id
        AND (kt.kind IN ('episode','movie'))
        AND (t.production_year <= 2015)
        AND (t.production_year >= 1925)
        AND (mi1.info IN ('Buenos Aires, Federal District, Argentina','Los Angeles, California, USA','Mexico','New York City, New York, USA','Paramount Studios - 5555 Melrose Avenue, Hollywood, Los Angeles, California, USA'))
        AND (it1.id IN ('18'))
        AND it3.id = '100'
        AND it4.id = '101'
        AND (mii2.info ~ '^(?:[1-9]\d*|0)?(?:\.\d+)?$' AND mii2.info::float <= 7.0)
        AND (mii2.info ~ '^(?:[1-9]\d*|0)?(?:\.\d+)?$' AND 3.0 <= mii2.info::float)
        AND (mii1.info ~ '^(?:[1-9]\d*|0)?(?:\.\d+)?$' AND 0.0 <= mii1.info::float)
        AND (mii1.info ~ '^(?:[1-9]\d*|0)?(?:\.\d+)?$' AND mii1.info::float <= 10000.0)
        AND n.id = ci.person_id
        AND ci.person_id = pi1.person_id
        AND it5.id = pi1.info_type_id
        AND n.id = pi1.person_id
        AND n.id = an.person_id
        AND rt.id = ci.role_id
        AND (n.gender in ('m') OR n.gender IS NULL)
        AND (n.name_pcode_nf in ('D2313','E3261','G625','J5141','K1524','L2125','M2563','M265','M3215','P3625','S5326','S6256','T5252'))
        AND (ci.note in ('(writer)') OR ci.note IS NULL)
        AND (rt.role in ('actor','director','writer'))
        AND (it5.id in ('31'))

2021-02-23 15:39:49.415 UTC [340493] LOG:  statement: SELECT COUNT(*) FROM title as t,
        kind_type as kt,
        info_type as it1,
        movie_info as mi1,
        movie_info as mi2,
        info_type as it2,
        cast_info as ci,
        role_type as rt,
        name as n,
        movie_keyword as mk,
        keyword as k
        WHERE
        t.id = ci.movie_id
        AND t.id = mi1.movie_id
        AND t.id = mi2.movie_id
        AND t.id = mk.movie_id
        AND k.id = mk.keyword_id
        AND mi1.movie_id = mi2.movie_id
        AND mi1.info_type_id = it1.id
        AND mi2.info_type_id = it2.id
        AND (it1.id in ('7'))
        AND (it2.id in ('8'))
        AND t.kind_id = kt.id
        AND ci.person_id = n.id
        AND ci.role_id = rt.id
        AND (mi1.info in ('CAM:Panavision Cameras and Lenses','OFM:16 mm','OFM:35 mm','OFM:Video','PCS:Spherical','PFM:35 mm','RAT:1.33 : 1','RAT:1.37 : 1','RAT:1.66 : 1','RAT:1.78 : 1','RAT:2.35 : 1','RAT:4:3'))
        AND (mi2.info in ('East Germany','Hong Kong','Italy','Taiwan','UK','USA','West Germany'))
        AND (kt.kind in ('episode','movie'))
        AND (rt.role in ('production designer'))
        AND (n.gender in ('f'))
        AND (t.production_year <= 2010)
        AND (t.production_year >= 1952)
        AND (k.keyword IN ('death','elmo','father-son-relationship','fight','gay','independent-film','lesbian-sex','mother-daughter-relationship','murder','number-in-title'))

2021-02-23 15:39:49.527 UTC [340493] LOG:  Bao planning selected arm 0, in 109.460000 CPU ms.
2021-02-23 15:39:49.527 UTC [340493] STATEMENT:  SELECT COUNT(*) FROM title as t,
        kind_type as kt,
        info_type as it1,
        movie_info as mi1,
        movie_info as mi2,
        info_type as it2,
        cast_info as ci,
        role_type as rt,
        name as n,
        movie_keyword as mk,
        keyword as k
        WHERE
        t.id = ci.movie_id
        AND t.id = mi1.movie_id
        AND t.id = mi2.movie_id
        AND t.id = mk.movie_id
        AND k.id = mk.keyword_id
        AND mi1.movie_id = mi2.movie_id
        AND mi1.info_type_id = it1.id
        AND mi2.info_type_id = it2.id
        AND (it1.id in ('7'))
        AND (it2.id in ('8'))
        AND t.kind_id = kt.id
        AND ci.person_id = n.id
        AND ci.role_id = rt.id
        AND (mi1.info in ('CAM:Panavision Cameras and Lenses','OFM:16 mm','OFM:35 mm','OFM:Video','PCS:Spherical','PFM:35 mm','RAT:1.33 : 1','RAT:1.37 : 1','RAT:1.66 : 1','RAT:1.78 : 1','RAT:2.35 : 1','RAT:4:3'))
        AND (mi2.info in ('East Germany','Hong Kong','Italy','Taiwan','UK','USA','West Germany'))
        AND (kt.kind in ('episode','movie'))
        AND (rt.role in ('production designer'))
        AND (n.gender in ('f'))
        AND (t.production_year <= 2010)
        AND (t.production_year >= 1952)
        AND (k.keyword IN ('death','elmo','father-son-relationship','fight','gay','independent-film','lesbian-sex','mother-daughter-relationship','murder','number-in-title'))

2021-02-23 15:40:03.912 UTC [340499] LOG:  statement: SELECT COUNT(*) FROM title as t,
        kind_type as kt,
        movie_info as mi1,
        info_type as it1,
        movie_info as mi2,
        info_type as it2,
        cast_info as ci,
        role_type as rt,
        name as n
        WHERE
        t.id = ci.movie_id
        AND t.id = mi1.movie_id
        AND t.id = mi2.movie_id
        AND mi1.movie_id = mi2.movie_id
        AND mi1.info_type_id = it1.id
        AND mi2.info_type_id = it2.id
        AND it1.id = '3'
        AND it2.id = '7'
        AND t.kind_id = kt.id
        AND ci.person_id = n.id
        AND ci.role_id = rt.id
        AND mi1.info IN ('Comedy','Crime','Fantasy','Mystery','Short')
        AND mi2.info IN ('LAB:FotoKem Laboratory, Burbank (CA), USA','MET:','MET:300 m','PCS:Spherical','RAT:1.33 : 1','RAT:1.66 : 1')
        AND kt.kind IN ('episode','movie','video movie')
        AND rt.role IN ('miscellaneous crew')
        AND n.gender IN ('f')
        AND t.production_year <= 2015
        AND 1925 < t.production_year

2021-02-23 15:40:04.004 UTC [340499] LOG:  Bao planning selected arm 0, in 89.407000 CPU ms.
2021-02-23 15:40:04.004 UTC [340499] STATEMENT:  SELECT COUNT(*) FROM title as t,
        kind_type as kt,
        movie_info as mi1,
        info_type as it1,
        movie_info as mi2,
        info_type as it2,
        cast_info as ci,
        role_type as rt,
        name as n
        WHERE
        t.id = ci.movie_id
        AND t.id = mi1.movie_id
        AND t.id = mi2.movie_id
        AND mi1.movie_id = mi2.movie_id
        AND mi1.info_type_id = it1.id
        AND mi2.info_type_id = it2.id
        AND it1.id = '3'
        AND it2.id = '7'
        AND t.kind_id = kt.id
        AND ci.person_id = n.id
        AND ci.role_id = rt.id
        AND mi1.info IN ('Comedy','Crime','Fantasy','Mystery','Short')
        AND mi2.info IN ('LAB:FotoKem Laboratory, Burbank (CA), USA','MET:','MET:300 m','PCS:Spherical','RAT:1.33 : 1','RAT:1.66 : 1')
        AND kt.kind IN ('episode','movie','video movie')
        AND rt.role IN ('miscellaneous crew')
        AND n.gender IN ('f')
        AND t.production_year <= 2015
        AND 1925 < t.production_year

2021-02-23 15:40:07.486 UTC [340503] LOG:  statement: SELECT COUNT(*) FROM title as t,
        kind_type as kt,
        info_type as it1,
        movie_info as mi1,
        cast_info as ci,
        role_type as rt,
        name as n,
        movie_keyword as mk,
        keyword as k,
        movie_companies as mc,
        company_type as ct,
        company_name as cn
        WHERE
        t.id = ci.movie_id
        AND t.id = mc.movie_id
        AND t.id = mi1.movie_id
        AND t.id = mk.movie_id
        AND mc.company_type_id = ct.id
        AND mc.company_id = cn.id
        AND k.id = mk.keyword_id
        AND mi1.info_type_id = it1.id
        AND t.kind_id = kt.id
        AND ci.person_id = n.id
        AND ci.role_id = rt.id
        AND (it1.id IN ('2'))
        AND (mi1.info in ('Color'))
        AND (kt.kind in ('movie','tv series'))
        AND (rt.role in ('actor','producer'))
        AND (n.gender in ('m'))
        AND (n.name_pcode_cf in ('B6261','B6526','J5252','M6352','R363','S3152','S5362'))
        AND (t.production_year <= 1990)
        AND (t.production_year >= 1950)
        AND (cn.name in ('American Broadcasting Company (ABC)','Columbia Broadcasting System (CBS)','National Broadcasting Company (NBC)'))
        AND (ct.kind in ('distributors'))

2021-02-23 15:40:07.625 UTC [340503] LOG:  Bao planning selected arm 0, in 136.930000 CPU ms.
2021-02-23 15:40:07.625 UTC [340503] STATEMENT:  SELECT COUNT(*) FROM title as t,
        kind_type as kt,
        info_type as it1,
        movie_info as mi1,
        cast_info as ci,
        role_type as rt,
        name as n,
        movie_keyword as mk,
        keyword as k,
        movie_companies as mc,
        company_type as ct,
        company_name as cn
        WHERE
        t.id = ci.movie_id
        AND t.id = mc.movie_id
        AND t.id = mi1.movie_id
        AND t.id = mk.movie_id
        AND mc.company_type_id = ct.id
        AND mc.company_id = cn.id
        AND k.id = mk.keyword_id
        AND mi1.info_type_id = it1.id
        AND t.kind_id = kt.id
        AND ci.person_id = n.id
        AND ci.role_id = rt.id
        AND (it1.id IN ('2'))
        AND (mi1.info in ('Color'))
        AND (kt.kind in ('movie','tv series'))
        AND (rt.role in ('actor','producer'))
        AND (n.gender in ('m'))
        AND (n.name_pcode_cf in ('B6261','B6526','J5252','M6352','R363','S3152','S5362'))
        AND (t.production_year <= 1990)
        AND (t.production_year >= 1950)
        AND (cn.name in ('American Broadcasting Company (ABC)','Columbia Broadcasting System (CBS)','National Broadcasting Company (NBC)'))
        AND (ct.kind in ('distributors'))

2021-02-23 15:40:22.374 UTC [340505] LOG:  statement: SELECT COUNT(*)
        FROM title as t,
        movie_info as mi1,
        kind_type as kt,
        info_type as it1,
        info_type as it3,
        info_type as it4,
        movie_info_idx as mii1,
        movie_info_idx as mii2,
        movie_keyword as mk,
        keyword as k,
        aka_name as an,
        name as n,
        info_type as it5,
        person_info as pi1,
        cast_info as ci,
        role_type as rt
        WHERE
        t.id = mi1.movie_id
        AND t.id = ci.movie_id
        AND t.id = mii1.movie_id
        AND t.id = mii2.movie_id
        AND t.id = mk.movie_id
        AND mk.keyword_id = k.id
        AND mi1.info_type_id = it1.id
        AND mii1.info_type_id = it3.id
        AND mii2.info_type_id = it4.id
        AND t.kind_id = kt.id
        AND (kt.kind IN ('episode'))
        AND (t.production_year <= 1975)
        AND (t.production_year >= 1925)
        AND (mi1.info IN ('Mono'))
        AND (it1.id IN ('13','6','8'))
        AND it3.id = '100'
        AND it4.id = '101'
        AND (mii2.info ~ '^(?:[1-9]\d*|0)?(?:\.\d+)?$' AND mii2.info::float <= 7.0)
        AND (mii2.info ~ '^(?:[1-9]\d*|0)?(?:\.\d+)?$' AND 3.0 <= mii2.info::float)
        AND (mii1.info ~ '^(?:[1-9]\d*|0)?(?:\.\d+)?$' AND 0.0 <= mii1.info::float)
        AND (mii1.info ~ '^(?:[1-9]\d*|0)?(?:\.\d+)?$' AND mii1.info::float <= 10000.0)
        AND n.id = ci.person_id
        AND ci.person_id = pi1.person_id
        AND it5.id = pi1.info_type_id
        AND n.id = pi1.person_id
        AND n.id = an.person_id
        AND rt.id = ci.role_id
        AND (n.gender in ('m') OR n.gender IS NULL)
        AND (n.name_pcode_nf in ('A4163','B6563','D1316','F6521','F6523','F6524','J5216','J5262','P3616'))
        AND (ci.note IS NULL)
        AND (rt.role in ('actor'))
        AND (it5.id in ('32'))

2021-02-23 15:40:22.534 UTC [340505] LOG:  Bao planning selected arm 0, in 157.058000 CPU ms.
2021-02-23 15:40:22.534 UTC [340505] STATEMENT:  SELECT COUNT(*)
        FROM title as t,
        movie_info as mi1,
        kind_type as kt,
        info_type as it1,
        info_type as it3,
        info_type as it4,
        movie_info_idx as mii1,
        movie_info_idx as mii2,
        movie_keyword as mk,
        keyword as k,
        aka_name as an,
        name as n,
        info_type as it5,
        person_info as pi1,
        cast_info as ci,
        role_type as rt
        WHERE
        t.id = mi1.movie_id
        AND t.id = ci.movie_id
        AND t.id = mii1.movie_id
        AND t.id = mii2.movie_id
        AND t.id = mk.movie_id
        AND mk.keyword_id = k.id
        AND mi1.info_type_id = it1.id
        AND mii1.info_type_id = it3.id
        AND mii2.info_type_id = it4.id
        AND t.kind_id = kt.id
        AND (kt.kind IN ('episode'))
        AND (t.production_year <= 1975)
        AND (t.production_year >= 1925)
        AND (mi1.info IN ('Mono'))
        AND (it1.id IN ('13','6','8'))
        AND it3.id = '100'
        AND it4.id = '101'
        AND (mii2.info ~ '^(?:[1-9]\d*|0)?(?:\.\d+)?$' AND mii2.info::float <= 7.0)
        AND (mii2.info ~ '^(?:[1-9]\d*|0)?(?:\.\d+)?$' AND 3.0 <= mii2.info::float)
        AND (mii1.info ~ '^(?:[1-9]\d*|0)?(?:\.\d+)?$' AND 0.0 <= mii1.info::float)
        AND (mii1.info ~ '^(?:[1-9]\d*|0)?(?:\.\d+)?$' AND mii1.info::float <= 10000.0)
        AND n.id = ci.person_id
        AND ci.person_id = pi1.person_id
        AND it5.id = pi1.info_type_id
        AND n.id = pi1.person_id
        AND n.id = an.person_id
        AND rt.id = ci.role_id
        AND (n.gender in ('m') OR n.gender IS NULL)
        AND (n.name_pcode_nf in ('A4163','B6563','D1316','F6521','F6523','F6524','J5216','J5262','P3616'))
        AND (ci.note IS NULL)
        AND (rt.role in ('actor'))
        AND (it5.id in ('32'))

2021-02-23 15:40:37.531 UTC [340509] LOG:  statement: SELECT MIN(cn.name) AS producing_company, MIN(miidx.info) AS rating, MIN(t.title) AS movie FROM company_name AS cn, company_type AS ct, info_type AS it, info_type AS it2, kind_type AS kt, movie_companies AS mc, movie_info AS mi, movie_info_idx AS miidx, title AS t WHERE cn.country_code ='[us]' AND ct.kind ='production companies' AND it.info ='rating' AND it2.info ='release dates' AND kt.kind ='movie' AND mi.movie_id = t.id AND it2.id = mi.info_type_id AND kt.id = t.kind_id AND mc.movie_id = t.id AND cn.id = mc.company_id AND ct.id = mc.company_type_id AND miidx.movie_id = t.id AND it.id = miidx.info_type_id AND mi.movie_id = miidx.movie_id AND mi.movie_id = mc.movie_id AND miidx.movie_id = mc.movie_id;

2021-02-23 15:40:37.622 UTC [340509] LOG:  Bao planning selected arm 0, in 89.104000 CPU ms.
2021-02-23 15:40:37.622 UTC [340509] STATEMENT:  SELECT MIN(cn.name) AS producing_company, MIN(miidx.info) AS rating, MIN(t.title) AS movie FROM company_name AS cn, company_type AS ct, info_type AS it, info_type AS it2, kind_type AS kt, movie_companies AS mc, movie_info AS mi, movie_info_idx AS miidx, title AS t WHERE cn.country_code ='[us]' AND ct.kind ='production companies' AND it.info ='rating' AND it2.info ='release dates' AND kt.kind ='movie' AND mi.movie_id = t.id AND it2.id = mi.info_type_id AND kt.id = t.kind_id AND mc.movie_id = t.id AND cn.id = mc.company_id AND ct.id = mc.company_type_id AND miidx.movie_id = t.id AND it.id = miidx.info_type_id AND mi.movie_id = miidx.movie_id AND mi.movie_id = mc.movie_id AND miidx.movie_id = mc.movie_id;

2021-02-23 15:40:39.509 UTC [340512] LOG:  statement: SELECT MIN(n.name) AS member_in_charnamed_movie FROM cast_info AS ci, company_name AS cn, keyword AS k, movie_companies AS mc, movie_keyword AS mk, name AS n, title AS t WHERE cn.country_code ='[us]' AND k.keyword ='character-name-in-title' AND n.id = ci.person_id AND ci.movie_id = t.id AND t.id = mk.movie_id AND mk.keyword_id = k.id AND t.id = mc.movie_id AND mc.company_id = cn.id AND ci.movie_id = mc.movie_id AND ci.movie_id = mk.movie_id AND mc.movie_id = mk.movie_id;

2021-02-23 15:40:39.594 UTC [340512] LOG:  Bao planning selected arm 0, in 83.084000 CPU ms.
2021-02-23 15:40:39.594 UTC [340512] STATEMENT:  SELECT MIN(n.name) AS member_in_charnamed_movie FROM cast_info AS ci, company_name AS cn, keyword AS k, movie_companies AS mc, movie_keyword AS mk, name AS n, title AS t WHERE cn.country_code ='[us]' AND k.keyword ='character-name-in-title' AND n.id = ci.person_id AND ci.movie_id = t.id AND t.id = mk.movie_id AND mk.keyword_id = k.id AND t.id = mc.movie_id AND mc.company_id = cn.id AND ci.movie_id = mc.movie_id AND ci.movie_id = mk.movie_id AND mc.movie_id = mk.movie_id;

2021-02-23 15:40:51.036 UTC [340513] LOG:  statement: SELECT COUNT(*)
        FROM title as t,
        movie_info as mi1,
        kind_type as kt,
        info_type as it1,
        info_type as it3,
        info_type as it4,
        movie_info_idx as mii1,
        movie_info_idx as mii2,
        movie_keyword as mk,
        keyword as k,
        aka_name as an,
        name as n,
        info_type as it5,
        person_info as pi1,
        cast_info as ci,
        role_type as rt
        WHERE
        t.id = mi1.movie_id
        AND t.id = ci.movie_id
        AND t.id = mii1.movie_id
        AND t.id = mii2.movie_id
        AND t.id = mk.movie_id
        AND mk.keyword_id = k.id
        AND mi1.info_type_id = it1.id
        AND mii1.info_type_id = it3.id
        AND mii2.info_type_id = it4.id
        AND t.kind_id = kt.id
        AND (kt.kind IN ('episode','movie'))
        AND (t.production_year <= 2015)
        AND (t.production_year >= 1925)
        AND (mi1.info IN ('Buenos Aires, Federal District, Argentina','Los Angeles, California, USA','Mexico','New York City, New York, USA','Paramount Studios - 5555 Melrose Avenue, Hollywood, Los Angeles, California, USA'))
        AND (it1.id IN ('18'))
        AND it3.id = '100'
        AND it4.id = '101'
        AND (mii2.info ~ '^(?:[1-9]\d*|0)?(?:\.\d+)?$' AND mii2.info::float <= 7.0)
        AND (mii2.info ~ '^(?:[1-9]\d*|0)?(?:\.\d+)?$' AND 3.0 <= mii2.info::float)
        AND (mii1.info ~ '^(?:[1-9]\d*|0)?(?:\.\d+)?$' AND 0.0 <= mii1.info::float)
        AND (mii1.info ~ '^(?:[1-9]\d*|0)?(?:\.\d+)?$' AND mii1.info::float <= 10000.0)
        AND n.id = ci.person_id
        AND ci.person_id = pi1.person_id
        AND it5.id = pi1.info_type_id
        AND n.id = pi1.person_id
        AND n.id = an.person_id
        AND rt.id = ci.role_id
        AND (n.gender in ('m') OR n.gender IS NULL)
        AND (n.name_pcode_nf in ('D2313','E3261','G625','J5141','K1524','L2125','M2563','M265','M3215','P3625','S5326','S6256','T5252'))
        AND (ci.note in ('(writer)') OR ci.note IS NULL)
        AND (rt.role in ('actor','director','writer'))
        AND (it5.id in ('31'))

2021-02-23 15:40:51.196 UTC [340513] LOG:  Bao planning selected arm 0, in 157.619000 CPU ms.
2021-02-23 15:40:51.196 UTC [340513] STATEMENT:  SELECT COUNT(*)
        FROM title as t,
        movie_info as mi1,
        kind_type as kt,
        info_type as it1,
        info_type as it3,
        info_type as it4,
        movie_info_idx as mii1,
        movie_info_idx as mii2,
        movie_keyword as mk,
        keyword as k,
        aka_name as an,
        name as n,
        info_type as it5,
        person_info as pi1,
        cast_info as ci,
        role_type as rt
        WHERE
        t.id = mi1.movie_id
        AND t.id = ci.movie_id
        AND t.id = mii1.movie_id
        AND t.id = mii2.movie_id
        AND t.id = mk.movie_id
        AND mk.keyword_id = k.id
        AND mi1.info_type_id = it1.id
        AND mii1.info_type_id = it3.id
        AND mii2.info_type_id = it4.id
        AND t.kind_id = kt.id
        AND (kt.kind IN ('episode','movie'))
        AND (t.production_year <= 2015)
        AND (t.production_year >= 1925)
        AND (mi1.info IN ('Buenos Aires, Federal District, Argentina','Los Angeles, California, USA','Mexico','New York City, New York, USA','Paramount Studios - 5555 Melrose Avenue, Hollywood, Los Angeles, California, USA'))
        AND (it1.id IN ('18'))
        AND it3.id = '100'
        AND it4.id = '101'
        AND (mii2.info ~ '^(?:[1-9]\d*|0)?(?:\.\d+)?$' AND mii2.info::float <= 7.0)
        AND (mii2.info ~ '^(?:[1-9]\d*|0)?(?:\.\d+)?$' AND 3.0 <= mii2.info::float)
        AND (mii1.info ~ '^(?:[1-9]\d*|0)?(?:\.\d+)?$' AND 0.0 <= mii1.info::float)
        AND (mii1.info ~ '^(?:[1-9]\d*|0)?(?:\.\d+)?$' AND mii1.info::float <= 10000.0)
        AND n.id = ci.person_id
        AND ci.person_id = pi1.person_id
        AND it5.id = pi1.info_type_id
        AND n.id = pi1.person_id
        AND n.id = an.person_id
        AND rt.id = ci.role_id
        AND (n.gender in ('m') OR n.gender IS NULL)
        AND (n.name_pcode_nf in ('D2313','E3261','G625','J5141','K1524','L2125','M2563','M265','M3215','P3625','S5326','S6256','T5252'))
        AND (ci.note in ('(writer)') OR ci.note IS NULL)
        AND (rt.role in ('actor','director','writer'))
        AND (it5.id in ('31'))

2021-02-23 15:41:02.139 UTC [340518] LOG:  statement: SELECT COUNT(*) FROM title as t,
        kind_type as kt,
        info_type as it1,
        movie_info as mi1,
        cast_info as ci,
        role_type as rt,
        name as n,
        movie_keyword as mk,
        keyword as k,
        movie_companies as mc,
        company_type as ct,
        company_name as cn
        WHERE
        t.id = ci.movie_id
        AND t.id = mc.movie_id
        AND t.id = mi1.movie_id
        AND t.id = mk.movie_id
        AND mc.company_type_id = ct.id
        AND mc.company_id = cn.id
        AND k.id = mk.keyword_id
        AND mi1.info_type_id = it1.id
        AND t.kind_id = kt.id
        AND ci.person_id = n.id
        AND ci.role_id = rt.id
        AND (it1.id IN ('2'))
        AND (mi1.info in ('Color'))
        AND (kt.kind in ('movie','tv movie','tv series'))
        AND (rt.role in ('actor','writer'))
        AND (n.gender in ('m'))
        AND (n.surname_pcode in ('B4','B6','C462','D12','D25','G65','H65','J525','K5','P6','P62','R3','S5') OR n.surname_pcode IS NULL)
        AND (t.production_year <= 2015)
        AND (t.production_year >= 1925)
        AND (cn.name in ('Columbia Broadcasting System (CBS)','Fox Network','Independent Television (ITV)','Metro-Goldwyn-Mayer (MGM)','National Broadcasting Company (NBC)','Shout! Factory','Universal Pictures','Universal TV','Warner Bros'))
        AND (ct.kind in ('distributors','production companies'))

2021-02-23 15:41:02.278 UTC [340518] LOG:  Bao planning selected arm 0, in 136.200000 CPU ms.
2021-02-23 15:41:02.278 UTC [340518] STATEMENT:  SELECT COUNT(*) FROM title as t,
        kind_type as kt,
        info_type as it1,
        movie_info as mi1,
        cast_info as ci,
        role_type as rt,
        name as n,
        movie_keyword as mk,
        keyword as k,
        movie_companies as mc,
        company_type as ct,
        company_name as cn
        WHERE
        t.id = ci.movie_id
        AND t.id = mc.movie_id
        AND t.id = mi1.movie_id
        AND t.id = mk.movie_id
        AND mc.company_type_id = ct.id
        AND mc.company_id = cn.id
        AND k.id = mk.keyword_id
        AND mi1.info_type_id = it1.id
        AND t.kind_id = kt.id
        AND ci.person_id = n.id
        AND ci.role_id = rt.id
        AND (it1.id IN ('2'))
        AND (mi1.info in ('Color'))
        AND (kt.kind in ('movie','tv movie','tv series'))
        AND (rt.role in ('actor','writer'))
        AND (n.gender in ('m'))
        AND (n.surname_pcode in ('B4','B6','C462','D12','D25','G65','H65','J525','K5','P6','P62','R3','S5') OR n.surname_pcode IS NULL)
        AND (t.production_year <= 2015)
        AND (t.production_year >= 1925)
        AND (cn.name in ('Columbia Broadcasting System (CBS)','Fox Network','Independent Television (ITV)','Metro-Goldwyn-Mayer (MGM)','National Broadcasting Company (NBC)','Shout! Factory','Universal Pictures','Universal TV','Warner Bros'))
        AND (ct.kind in ('distributors','production companies'))

2021-02-23 15:43:41.737 UTC [340534] LOG:  statement: SELECT MIN(n.name) AS member_in_charnamed_movie FROM cast_info AS ci, company_name AS cn, keyword AS k, movie_companies AS mc, movie_keyword AS mk, name AS n, title AS t WHERE cn.country_code ='[us]' AND k.keyword ='character-name-in-title' AND n.id = ci.person_id AND ci.movie_id = t.id AND t.id = mk.movie_id AND mk.keyword_id = k.id AND t.id = mc.movie_id AND mc.company_id = cn.id AND ci.movie_id = mc.movie_id AND ci.movie_id = mk.movie_id AND mc.movie_id = mk.movie_id;

2021-02-23 15:43:41.835 UTC [340534] LOG:  Bao planning selected arm 0, in 95.996000 CPU ms.
2021-02-23 15:43:41.835 UTC [340534] STATEMENT:  SELECT MIN(n.name) AS member_in_charnamed_movie FROM cast_info AS ci, company_name AS cn, keyword AS k, movie_companies AS mc, movie_keyword AS mk, name AS n, title AS t WHERE cn.country_code ='[us]' AND k.keyword ='character-name-in-title' AND n.id = ci.person_id AND ci.movie_id = t.id AND t.id = mk.movie_id AND mk.keyword_id = k.id AND t.id = mc.movie_id AND mc.company_id = cn.id AND ci.movie_id = mc.movie_id AND ci.movie_id = mk.movie_id AND mc.movie_id = mk.movie_id;

2021-02-23 15:43:53.346 UTC [340535] LOG:  statement: SELECT COUNT(*)
        FROM title as t,
        movie_info as mi1,
        kind_type as kt,
        info_type as it1,
        info_type as it3,
        info_type as it4,
        movie_info_idx as mii1,
        movie_info_idx as mii2,
        movie_keyword as mk,
        keyword as k,
        aka_name as an,
        name as n,
        info_type as it5,
        person_info as pi1,
        cast_info as ci,
        role_type as rt
        WHERE
        t.id = mi1.movie_id
        AND t.id = ci.movie_id
        AND t.id = mii1.movie_id
        AND t.id = mii2.movie_id
        AND t.id = mk.movie_id
        AND mk.keyword_id = k.id
        AND mi1.info_type_id = it1.id
        AND mii1.info_type_id = it3.id
        AND mii2.info_type_id = it4.id
        AND t.kind_id = kt.id
        AND (kt.kind IN ('tv movie','video movie'))
        AND (t.production_year <= 2015)
        AND (t.production_year >= 1925)
        AND (mi1.info IN ('Italy','Japan','Nigeria','Spain','West Germany'))
        AND (it1.id IN ('8'))
        AND it3.id = '100'
        AND it4.id = '101'
        AND (mii2.info ~ '^(?:[1-9]\d*|0)?(?:\.\d+)?$' AND mii2.info::float <= 8.0)
        AND (mii2.info ~ '^(?:[1-9]\d*|0)?(?:\.\d+)?$' AND 0.0 <= mii2.info::float)
        AND (mii1.info ~ '^(?:[1-9]\d*|0)?(?:\.\d+)?$' AND 1000.0 <= mii1.info::float)
        AND (mii1.info ~ '^(?:[1-9]\d*|0)?(?:\.\d+)?$' AND mii1.info::float <= 10000.0)
        AND n.id = ci.person_id
        AND ci.person_id = pi1.person_id
        AND it5.id = pi1.info_type_id
        AND n.id = pi1.person_id
        AND n.id = an.person_id
        AND rt.id = ci.role_id
        AND (n.gender in ('f'))
        AND (n.name_pcode_nf in ('C6235','E4213') OR n.name_pcode_nf IS NULL)
        AND (ci.note IS NULL)
        AND (rt.role in ('actress'))
        AND (it5.id in ('25'))

2021-02-23 15:43:53.502 UTC [340535] LOG:  Bao planning selected arm 0, in 153.112000 CPU ms.
2021-02-23 15:43:53.502 UTC [340535] STATEMENT:  SELECT COUNT(*)
        FROM title as t,
        movie_info as mi1,
        kind_type as kt,
        info_type as it1,
        info_type as it3,
        info_type as it4,
        movie_info_idx as mii1,
        movie_info_idx as mii2,
        movie_keyword as mk,
        keyword as k,
        aka_name as an,
        name as n,
        info_type as it5,
        person_info as pi1,
        cast_info as ci,
        role_type as rt
        WHERE
        t.id = mi1.movie_id
        AND t.id = ci.movie_id
        AND t.id = mii1.movie_id
        AND t.id = mii2.movie_id
        AND t.id = mk.movie_id
        AND mk.keyword_id = k.id
        AND mi1.info_type_id = it1.id
        AND mii1.info_type_id = it3.id
        AND mii2.info_type_id = it4.id
        AND t.kind_id = kt.id
        AND (kt.kind IN ('tv movie','video movie'))
        AND (t.production_year <= 2015)
        AND (t.production_year >= 1925)
        AND (mi1.info IN ('Italy','Japan','Nigeria','Spain','West Germany'))
        AND (it1.id IN ('8'))
        AND it3.id = '100'
        AND it4.id = '101'
        AND (mii2.info ~ '^(?:[1-9]\d*|0)?(?:\.\d+)?$' AND mii2.info::float <= 8.0)
        AND (mii2.info ~ '^(?:[1-9]\d*|0)?(?:\.\d+)?$' AND 0.0 <= mii2.info::float)
        AND (mii1.info ~ '^(?:[1-9]\d*|0)?(?:\.\d+)?$' AND 1000.0 <= mii1.info::float)
        AND (mii1.info ~ '^(?:[1-9]\d*|0)?(?:\.\d+)?$' AND mii1.info::float <= 10000.0)
        AND n.id = ci.person_id
        AND ci.person_id = pi1.person_id
        AND it5.id = pi1.info_type_id
        AND n.id = pi1.person_id
        AND n.id = an.person_id
        AND rt.id = ci.role_id
        AND (n.gender in ('f'))
        AND (n.name_pcode_nf in ('C6235','E4213') OR n.name_pcode_nf IS NULL)
        AND (ci.note IS NULL)
        AND (rt.role in ('actress'))
        AND (it5.id in ('25'))

2021-02-23 15:43:58.349 UTC [340540] LOG:  statement: SELECT COUNT(*) FROM title as t,
        kind_type as kt,
        info_type as it1,
        movie_info as mi1,
        movie_info as mi2,
        info_type as it2,
        cast_info as ci,
        role_type as rt,
        name as n,
        movie_keyword as mk,
        keyword as k
        WHERE
        t.id = ci.movie_id
        AND t.id = mi1.movie_id
        AND t.id = mi2.movie_id
        AND t.id = mk.movie_id
        AND k.id = mk.keyword_id
        AND mi1.movie_id = mi2.movie_id
        AND mi1.info_type_id = it1.id
        AND mi2.info_type_id = it2.id
        AND (it1.id in ('7'))
        AND (it2.id in ('3'))
        AND t.kind_id = kt.id
        AND ci.person_id = n.id
        AND ci.role_id = rt.id
        AND (mi1.info in ('PCS:Spherical','PFM:16 mm','PFM:35 mm','RAT:1.33 : 1','RAT:1.66 : 1','RAT:1.85 : 1'))
        AND (mi2.info in ('Adult','Comedy','Documentary','Drama','Mystery','Romance','Short','Thriller','Western'))
        AND (kt.kind in ('tv series','video game','video movie'))
        AND (rt.role in ('miscellaneous crew','producer'))
        AND (n.gender in ('f','m'))
        AND (t.production_year <= 1990)
        AND (t.production_year >= 1950)

2021-02-23 15:43:58.461 UTC [340540] LOG:  Bao planning selected arm 0, in 110.234000 CPU ms.
2021-02-23 15:43:58.461 UTC [340540] STATEMENT:  SELECT COUNT(*) FROM title as t,
        kind_type as kt,
        info_type as it1,
        movie_info as mi1,
        movie_info as mi2,
        info_type as it2,
        cast_info as ci,
        role_type as rt,
        name as n,
        movie_keyword as mk,
        keyword as k
        WHERE
        t.id = ci.movie_id
        AND t.id = mi1.movie_id
        AND t.id = mi2.movie_id
        AND t.id = mk.movie_id
        AND k.id = mk.keyword_id
        AND mi1.movie_id = mi2.movie_id
        AND mi1.info_type_id = it1.id
        AND mi2.info_type_id = it2.id
        AND (it1.id in ('7'))
        AND (it2.id in ('3'))
        AND t.kind_id = kt.id
        AND ci.person_id = n.id
        AND ci.role_id = rt.id
        AND (mi1.info in ('PCS:Spherical','PFM:16 mm','PFM:35 mm','RAT:1.33 : 1','RAT:1.66 : 1','RAT:1.85 : 1'))
        AND (mi2.info in ('Adult','Comedy','Documentary','Drama','Mystery','Romance','Short','Thriller','Western'))
        AND (kt.kind in ('tv series','video game','video movie'))
        AND (rt.role in ('miscellaneous crew','producer'))
        AND (n.gender in ('f','m'))
        AND (t.production_year <= 1990)
        AND (t.production_year >= 1950)

2021-02-23 15:43:59.712 UTC [340543] LOG:  statement: SELECT MIN(k.keyword) AS movie_keyword, MIN(n.name) AS actor_name, MIN(t.title) AS marvel_movie FROM cast_info AS ci, keyword AS k, movie_keyword AS mk, name AS n, title AS t WHERE k.keyword = 'marvel-cinematic-universe' AND n.name LIKE '%Downey%Robert%' AND t.production_year > 2000 AND k.id = mk.keyword_id AND t.id = mk.movie_id AND t.id = ci.movie_id AND ci.movie_id = mk.movie_id AND n.id = ci.person_id;

2021-02-23 15:43:59.795 UTC [340543] LOG:  Bao planning selected arm 0, in 81.969000 CPU ms.
2021-02-23 15:43:59.795 UTC [340543] STATEMENT:  SELECT MIN(k.keyword) AS movie_keyword, MIN(n.name) AS actor_name, MIN(t.title) AS marvel_movie FROM cast_info AS ci, keyword AS k, movie_keyword AS mk, name AS n, title AS t WHERE k.keyword = 'marvel-cinematic-universe' AND n.name LIKE '%Downey%Robert%' AND t.production_year > 2000 AND k.id = mk.keyword_id AND t.id = mk.movie_id AND t.id = ci.movie_id AND ci.movie_id = mk.movie_id AND n.id = ci.person_id;

2021-02-23 15:43:59.848 UTC [340544] LOG:  statement: SELECT COUNT(*)
        FROM title as t,
        movie_info as mi1,
        kind_type as kt,
        info_type as it1,
        info_type as it3,
        info_type as it4,
        movie_info_idx as mii1,
        movie_info_idx as mii2,
        movie_keyword as mk,
        keyword as k,
        aka_name as an,
        name as n,
        info_type as it5,
        person_info as pi1,
        cast_info as ci,
        role_type as rt
        WHERE
        t.id = mi1.movie_id
        AND t.id = ci.movie_id
        AND t.id = mii1.movie_id
        AND t.id = mii2.movie_id
        AND t.id = mk.movie_id
        AND mk.keyword_id = k.id
        AND mi1.info_type_id = it1.id
        AND mii1.info_type_id = it3.id
        AND mii2.info_type_id = it4.id
        AND t.kind_id = kt.id
        AND (kt.kind IN ('episode','movie'))
        AND (t.production_year <= 2015)
        AND (t.production_year >= 1925)
        AND (mi1.info IN ('Buenos Aires, Federal District, Argentina','Los Angeles, California, USA','Mexico','New York City, New York, USA','Paramount Studios - 5555 Melrose Avenue, Hollywood, Los Angeles, California, USA'))
        AND (it1.id IN ('18'))
        AND it3.id = '100'
        AND it4.id = '101'
        AND (mii2.info ~ '^(?:[1-9]\d*|0)?(?:\.\d+)?$' AND mii2.info::float <= 7.0)
        AND (mii2.info ~ '^(?:[1-9]\d*|0)?(?:\.\d+)?$' AND 3.0 <= mii2.info::float)
        AND (mii1.info ~ '^(?:[1-9]\d*|0)?(?:\.\d+)?$' AND 0.0 <= mii1.info::float)
        AND (mii1.info ~ '^(?:[1-9]\d*|0)?(?:\.\d+)?$' AND mii1.info::float <= 10000.0)
        AND n.id = ci.person_id
        AND ci.person_id = pi1.person_id
        AND it5.id = pi1.info_type_id
        AND n.id = pi1.person_id
        AND n.id = an.person_id
        AND rt.id = ci.role_id
        AND (n.gender in ('m') OR n.gender IS NULL)
        AND (n.name_pcode_nf in ('D2313','E3261','G625','J5141','K1524','L2125','M2563','M265','M3215','P3625','S5326','S6256','T5252'))
        AND (ci.note in ('(writer)') OR ci.note IS NULL)
        AND (rt.role in ('actor','director','writer'))
        AND (it5.id in ('31'))

2021-02-23 15:44:00.002 UTC [340544] LOG:  Bao planning selected arm 0, in 151.012000 CPU ms.
2021-02-23 15:44:00.002 UTC [340544] STATEMENT:  SELECT COUNT(*)
        FROM title as t,
        movie_info as mi1,
        kind_type as kt,
        info_type as it1,
        info_type as it3,
        info_type as it4,
        movie_info_idx as mii1,
        movie_info_idx as mii2,
        movie_keyword as mk,
        keyword as k,
        aka_name as an,
        name as n,
        info_type as it5,
        person_info as pi1,
        cast_info as ci,
        role_type as rt
        WHERE
        t.id = mi1.movie_id
        AND t.id = ci.movie_id
        AND t.id = mii1.movie_id
        AND t.id = mii2.movie_id
        AND t.id = mk.movie_id
        AND mk.keyword_id = k.id
        AND mi1.info_type_id = it1.id
        AND mii1.info_type_id = it3.id
        AND mii2.info_type_id = it4.id
        AND t.kind_id = kt.id
        AND (kt.kind IN ('episode','movie'))
        AND (t.production_year <= 2015)
        AND (t.production_year >= 1925)
        AND (mi1.info IN ('Buenos Aires, Federal District, Argentina','Los Angeles, California, USA','Mexico','New York City, New York, USA','Paramount Studios - 5555 Melrose Avenue, Hollywood, Los Angeles, California, USA'))
        AND (it1.id IN ('18'))
        AND it3.id = '100'
        AND it4.id = '101'
        AND (mii2.info ~ '^(?:[1-9]\d*|0)?(?:\.\d+)?$' AND mii2.info::float <= 7.0)
        AND (mii2.info ~ '^(?:[1-9]\d*|0)?(?:\.\d+)?$' AND 3.0 <= mii2.info::float)
        AND (mii1.info ~ '^(?:[1-9]\d*|0)?(?:\.\d+)?$' AND 0.0 <= mii1.info::float)
        AND (mii1.info ~ '^(?:[1-9]\d*|0)?(?:\.\d+)?$' AND mii1.info::float <= 10000.0)
        AND n.id = ci.person_id
        AND ci.person_id = pi1.person_id
        AND it5.id = pi1.info_type_id
        AND n.id = pi1.person_id
        AND n.id = an.person_id
        AND rt.id = ci.role_id
        AND (n.gender in ('m') OR n.gender IS NULL)
        AND (n.name_pcode_nf in ('D2313','E3261','G625','J5141','K1524','L2125','M2563','M265','M3215','P3625','S5326','S6256','T5252'))
        AND (ci.note in ('(writer)') OR ci.note IS NULL)
        AND (rt.role in ('actor','director','writer'))
        AND (it5.id in ('31'))

2021-02-23 15:44:10.949 UTC [340548] LOG:  statement: SELECT COUNT(*) FROM title as t,
        kind_type as kt,
        info_type as it1,
        movie_info as mi1,
        movie_info as mi2,
        info_type as it2,
        cast_info as ci,
        role_type as rt,
        name as n,
        movie_keyword as mk,
        keyword as k
        WHERE
        t.id = ci.movie_id
        AND t.id = mi1.movie_id
        AND t.id = mi2.movie_id
        AND t.id = mk.movie_id
        AND k.id = mk.keyword_id
        AND mi1.movie_id = mi2.movie_id
        AND mi1.info_type_id = it1.id
        AND mi2.info_type_id = it2.id
        AND (it1.id in ('7'))
        AND (it2.id in ('8'))
        AND t.kind_id = kt.id
        AND ci.person_id = n.id
        AND ci.role_id = rt.id
        AND (mi1.info in ('MET:600 m','OFM:35 mm','PCS:Spherical','PFM:35 mm','RAT:1.37 : 1'))
        AND (mi2.info in ('France','Germany','Japan','Mexico','Portugal','Spain','UK','USA'))
        AND (kt.kind in ('tv series','video game','video movie'))
        AND (rt.role in ('producer'))
        AND (n.gender in ('m') OR n.gender IS NULL)
        AND (t.production_year <= 1975)
        AND (t.production_year >= 1925)

2021-02-23 15:44:11.055 UTC [340548] LOG:  Bao planning selected arm 0, in 104.528000 CPU ms.
2021-02-23 15:44:11.055 UTC [340548] STATEMENT:  SELECT COUNT(*) FROM title as t,
        kind_type as kt,
        info_type as it1,
        movie_info as mi1,
        movie_info as mi2,
        info_type as it2,
        cast_info as ci,
        role_type as rt,
        name as n,
        movie_keyword as mk,
        keyword as k
        WHERE
        t.id = ci.movie_id
        AND t.id = mi1.movie_id
        AND t.id = mi2.movie_id
        AND t.id = mk.movie_id
        AND k.id = mk.keyword_id
        AND mi1.movie_id = mi2.movie_id
        AND mi1.info_type_id = it1.id
        AND mi2.info_type_id = it2.id
        AND (it1.id in ('7'))
        AND (it2.id in ('8'))
        AND t.kind_id = kt.id
        AND ci.person_id = n.id
        AND ci.role_id = rt.id
        AND (mi1.info in ('MET:600 m','OFM:35 mm','PCS:Spherical','PFM:35 mm','RAT:1.37 : 1'))
        AND (mi2.info in ('France','Germany','Japan','Mexico','Portugal','Spain','UK','USA'))
        AND (kt.kind in ('tv series','video game','video movie'))
        AND (rt.role in ('producer'))
        AND (n.gender in ('m') OR n.gender IS NULL)
        AND (t.production_year <= 1975)
        AND (t.production_year >= 1925)

2021-02-23 15:44:12.184 UTC [340551] LOG:  statement: SELECT COUNT(*) FROM title as t,
        kind_type as kt,
        info_type as it1,
        movie_info as mi1,
        movie_info as mi2,
        info_type as it2,
        cast_info as ci,
        role_type as rt,
        name as n,
        movie_keyword as mk,
        keyword as k
        WHERE
        t.id = ci.movie_id
        AND t.id = mi1.movie_id
        AND t.id = mi2.movie_id
        AND t.id = mk.movie_id
        AND k.id = mk.keyword_id
        AND mi1.movie_id = mi2.movie_id
        AND mi1.info_type_id = it1.id
        AND mi2.info_type_id = it2.id
        AND (it1.id in ('7'))
        AND (it2.id in ('8'))
        AND t.kind_id = kt.id
        AND ci.person_id = n.id
        AND ci.role_id = rt.id
        AND (mi1.info in ('CAM:Panavision Cameras and Lenses','OFM:16 mm','OFM:35 mm','OFM:Video','PCS:Spherical','PFM:35 mm','RAT:1.33 : 1','RAT:1.37 : 1','RAT:1.66 : 1','RAT:1.78 : 1','RAT:2.35 : 1','RAT:4:3'))
        AND (mi2.info in ('East Germany','Hong Kong','Italy','Taiwan','UK','USA','West Germany'))
        AND (kt.kind in ('episode','movie'))
        AND (rt.role in ('production designer'))
        AND (n.gender in ('f'))
        AND (t.production_year <= 2010)
        AND (t.production_year >= 1950)
        AND (k.keyword IN ('father-son-relationship','combat','gay','independent-film','lesbian-sex','mother-daughter-relationship','murder','number-in-title'))

2021-02-23 15:44:12.302 UTC [340551] LOG:  Bao planning selected arm 0, in 115.504000 CPU ms.
2021-02-23 15:44:12.302 UTC [340551] STATEMENT:  SELECT COUNT(*) FROM title as t,
        kind_type as kt,
        info_type as it1,
        movie_info as mi1,
        movie_info as mi2,
        info_type as it2,
        cast_info as ci,
        role_type as rt,
        name as n,
        movie_keyword as mk,
        keyword as k
        WHERE
        t.id = ci.movie_id
        AND t.id = mi1.movie_id
        AND t.id = mi2.movie_id
        AND t.id = mk.movie_id
        AND k.id = mk.keyword_id
        AND mi1.movie_id = mi2.movie_id
        AND mi1.info_type_id = it1.id
        AND mi2.info_type_id = it2.id
        AND (it1.id in ('7'))
        AND (it2.id in ('8'))
        AND t.kind_id = kt.id
        AND ci.person_id = n.id
        AND ci.role_id = rt.id
        AND (mi1.info in ('CAM:Panavision Cameras and Lenses','OFM:16 mm','OFM:35 mm','OFM:Video','PCS:Spherical','PFM:35 mm','RAT:1.33 : 1','RAT:1.37 : 1','RAT:1.66 : 1','RAT:1.78 : 1','RAT:2.35 : 1','RAT:4:3'))
        AND (mi2.info in ('East Germany','Hong Kong','Italy','Taiwan','UK','USA','West Germany'))
        AND (kt.kind in ('episode','movie'))
        AND (rt.role in ('production designer'))
        AND (n.gender in ('f'))
        AND (t.production_year <= 2010)
        AND (t.production_year >= 1950)
        AND (k.keyword IN ('father-son-relationship','combat','gay','independent-film','lesbian-sex','mother-daughter-relationship','murder','number-in-title'))

2021-02-23 15:44:24.492 UTC [340554] LOG:  statement: SELECT COUNT(*) FROM title as t,
        kind_type as kt,
        info_type as it1,
        movie_info as mi1,
        movie_info as mi2,
        info_type as it2,
        cast_info as ci,
        role_type as rt,
        name as n,
        movie_keyword as mk,
        keyword as k
        WHERE
        t.id = ci.movie_id
        AND t.id = mi1.movie_id
        AND t.id = mi2.movie_id
        AND t.id = mk.movie_id
        AND k.id = mk.keyword_id
        AND mi1.movie_id = mi2.movie_id
        AND mi1.info_type_id = it1.id
        AND mi2.info_type_id = it2.id
        AND (it1.id in ('8'))
        AND (it2.id in ('6'))
        AND t.kind_id = kt.id
        AND ci.person_id = n.id
        AND ci.role_id = rt.id
        AND (mi1.info in ('Austria','Belgium','Brazil','Hungary','India','Mexico','Poland','Spain'))
        AND (mi2.info in ('Mono','Silent'))
        AND (kt.kind in ('episode','movie','tv movie'))
        AND (rt.role in ('costume designer','production designer'))
        AND (n.gender IS NULL)
        AND (t.production_year <= 1975)
        AND (t.production_year >= 1875)
        AND (k.keyword IN ('based-on-play','cigarette-smoking','friendship','independent-film','jealousy','lesbian-sex','male-nudity','marriage','mother-daughter-relationship','one-word-title','oral-sex','police','singing','song'))

2021-02-23 15:44:24.611 UTC [340554] LOG:  Bao planning selected arm 0, in 117.214000 CPU ms.
2021-02-23 15:44:24.611 UTC [340554] STATEMENT:  SELECT COUNT(*) FROM title as t,
        kind_type as kt,
        info_type as it1,
        movie_info as mi1,
        movie_info as mi2,
        info_type as it2,
        cast_info as ci,
        role_type as rt,
        name as n,
        movie_keyword as mk,
        keyword as k
        WHERE
        t.id = ci.movie_id
        AND t.id = mi1.movie_id
        AND t.id = mi2.movie_id
        AND t.id = mk.movie_id
        AND k.id = mk.keyword_id
        AND mi1.movie_id = mi2.movie_id
        AND mi1.info_type_id = it1.id
        AND mi2.info_type_id = it2.id
        AND (it1.id in ('8'))
        AND (it2.id in ('6'))
        AND t.kind_id = kt.id
        AND ci.person_id = n.id
        AND ci.role_id = rt.id
        AND (mi1.info in ('Austria','Belgium','Brazil','Hungary','India','Mexico','Poland','Spain'))
        AND (mi2.info in ('Mono','Silent'))
        AND (kt.kind in ('episode','movie','tv movie'))
        AND (rt.role in ('costume designer','production designer'))
        AND (n.gender IS NULL)
        AND (t.production_year <= 1975)
        AND (t.production_year >= 1875)
        AND (k.keyword IN ('based-on-play','cigarette-smoking','friendship','independent-film','jealousy','lesbian-sex','male-nudity','marriage','mother-daughter-relationship','one-word-title','oral-sex','police','singing','song'))

2021-02-23 15:44:32.216 UTC [340557] LOG:  statement: SELECT COUNT(*) FROM title as t,
        kind_type as kt,
        info_type as it1,
        movie_info as mi1,
        movie_info as mi2,
        info_type as it2,
        cast_info as ci,
        role_type as rt,
        name as n,
        movie_keyword as mk,
        keyword as k
        WHERE
        t.id = ci.movie_id
        AND t.id = mi1.movie_id
        AND t.id = mi2.movie_id
        AND t.id = mk.movie_id
        AND k.id = mk.keyword_id
        AND mi1.movie_id = mi2.movie_id
        AND mi1.info_type_id = it1.id
        AND mi2.info_type_id = it2.id
        AND (it1.id in ('7'))
        AND (it2.id in ('8'))
        AND t.kind_id = kt.id
        AND ci.person_id = n.id
        AND ci.role_id = rt.id
        AND (mi1.info in ('CAM:Panavision Cameras and Lenses','OFM:16 mm','OFM:35 mm','OFM:Video','PCS:Spherical','PFM:35 mm','RAT:1.33 : 1','RAT:1.37 : 1','RAT:1.66 : 1','RAT:1.78 : 1','RAT:2.35 : 1','RAT:4:3'))
        AND (mi2.info in ('East Germany','Hong Kong','Italy','Taiwan','UK','USA','West Germany'))
        AND (kt.kind in ('episode','movie'))
        AND (rt.role in ('production designer'))
        AND (n.gender in ('f'))
        AND (t.production_year <= 2010)
        AND (t.production_year >= 1950)
        AND (k.keyword IN ('father-son-relationship','combat','gay','independent-film','lesbian-sex','mother-daughter-relationship','murder','number-in-title'))

2021-02-23 15:44:32.332 UTC [340557] LOG:  Bao planning selected arm 0, in 113.175000 CPU ms.
2021-02-23 15:44:32.332 UTC [340557] STATEMENT:  SELECT COUNT(*) FROM title as t,
        kind_type as kt,
        info_type as it1,
        movie_info as mi1,
        movie_info as mi2,
        info_type as it2,
        cast_info as ci,
        role_type as rt,
        name as n,
        movie_keyword as mk,
        keyword as k
        WHERE
        t.id = ci.movie_id
        AND t.id = mi1.movie_id
        AND t.id = mi2.movie_id
        AND t.id = mk.movie_id
        AND k.id = mk.keyword_id
        AND mi1.movie_id = mi2.movie_id
        AND mi1.info_type_id = it1.id
        AND mi2.info_type_id = it2.id
        AND (it1.id in ('7'))
        AND (it2.id in ('8'))
        AND t.kind_id = kt.id
        AND ci.person_id = n.id
        AND ci.role_id = rt.id
        AND (mi1.info in ('CAM:Panavision Cameras and Lenses','OFM:16 mm','OFM:35 mm','OFM:Video','PCS:Spherical','PFM:35 mm','RAT:1.33 : 1','RAT:1.37 : 1','RAT:1.66 : 1','RAT:1.78 : 1','RAT:2.35 : 1','RAT:4:3'))
        AND (mi2.info in ('East Germany','Hong Kong','Italy','Taiwan','UK','USA','West Germany'))
        AND (kt.kind in ('episode','movie'))
        AND (rt.role in ('production designer'))
        AND (n.gender in ('f'))
        AND (t.production_year <= 2010)
        AND (t.production_year >= 1950)
        AND (k.keyword IN ('father-son-relationship','combat','gay','independent-film','lesbian-sex','mother-daughter-relationship','murder','number-in-title'))

2021-02-23 15:44:44.353 UTC [340561] LOG:  statement: SELECT COUNT(*) FROM title as t,
        kind_type as kt,
        movie_info as mi1,
        info_type as it1,
        movie_info as mi2,
        info_type as it2,
        cast_info as ci,
        role_type as rt,
        name as n
        WHERE
        t.id = ci.movie_id
        AND t.id = mi1.movie_id
        AND t.id = mi2.movie_id
        AND mi1.movie_id = mi2.movie_id
        AND mi1.info_type_id = it1.id
        AND mi2.info_type_id = it2.id
        AND it1.id = '3'
        AND it2.id = '7'
        AND t.kind_id = kt.id
        AND ci.person_id = n.id
        AND ci.role_id = rt.id
        AND mi1.info IN ('Comedy','Crime','Fantasy','Mystery','Short')
        AND mi2.info IN ('LAB:FotoKem Laboratory, Burbank (CA), USA','MET:','MET:300 m','PCS:Spherical','RAT:1.33 : 1','RAT:1.66 : 1')
        AND kt.kind IN ('episode','movie','video movie')
        AND rt.role IN ('miscellaneous crew')
        AND n.gender IN ('f')
        AND t.production_year <= 2015
        AND 1925 < t.production_year

2021-02-23 15:44:44.453 UTC [340561] LOG:  Bao planning selected arm 0, in 98.282000 CPU ms.
2021-02-23 15:44:44.453 UTC [340561] STATEMENT:  SELECT COUNT(*) FROM title as t,
        kind_type as kt,
        movie_info as mi1,
        info_type as it1,
        movie_info as mi2,
        info_type as it2,
        cast_info as ci,
        role_type as rt,
        name as n
        WHERE
        t.id = ci.movie_id
        AND t.id = mi1.movie_id
        AND t.id = mi2.movie_id
        AND mi1.movie_id = mi2.movie_id
        AND mi1.info_type_id = it1.id
        AND mi2.info_type_id = it2.id
        AND it1.id = '3'
        AND it2.id = '7'
        AND t.kind_id = kt.id
        AND ci.person_id = n.id
        AND ci.role_id = rt.id
        AND mi1.info IN ('Comedy','Crime','Fantasy','Mystery','Short')
        AND mi2.info IN ('LAB:FotoKem Laboratory, Burbank (CA), USA','MET:','MET:300 m','PCS:Spherical','RAT:1.33 : 1','RAT:1.66 : 1')
        AND kt.kind IN ('episode','movie','video movie')
        AND rt.role IN ('miscellaneous crew')
        AND n.gender IN ('f')
        AND t.production_year <= 2015
        AND 1925 < t.production_year

2021-02-23 15:44:48.007 UTC [340564] LOG:  statement: SELECT COUNT(*) FROM title as t,
        kind_type as kt,
        info_type as it1,
        movie_info as mi1,
        cast_info as ci,
        role_type as rt,
        name as n,
        movie_keyword as mk,
        keyword as k,
        movie_companies as mc,
        company_type as ct,
        company_name as cn
        WHERE
        t.id = ci.movie_id
        AND t.id = mc.movie_id
        AND t.id = mi1.movie_id
        AND t.id = mk.movie_id
        AND mc.company_type_id = ct.id
        AND mc.company_id = cn.id
        AND k.id = mk.keyword_id
        AND mi1.info_type_id = it1.id
        AND t.kind_id = kt.id
        AND ci.person_id = n.id
        AND ci.role_id = rt.id
        AND (it1.id IN ('3'))
        AND (mi1.info in ('Adventure','Animation','Crime','Drama'))
        AND (kt.kind in ('movie'))
        AND (rt.role in ('actor','actress'))
        AND (n.gender in ('f','m'))
        AND (n.surname_pcode in ('C4','C62','C632','D5','F6','F63','G63','H2','L5','M245','S','S6'))
        AND (t.production_year <= 1975)
        AND (t.production_year >= 1875)
        AND (cn.name in ('Columbia Broadcasting System (CBS)','Metro-Goldwyn-Mayer (MGM)','Paramount Pictures','Path Frres','Universal Pictures','Warner Home Video'))
        AND (ct.kind in ('distributors','production companies'))

2021-02-23 15:44:48.145 UTC [340564] LOG:  Bao planning selected arm 0, in 134.924000 CPU ms.
2021-02-23 15:44:48.145 UTC [340564] STATEMENT:  SELECT COUNT(*) FROM title as t,
        kind_type as kt,
        info_type as it1,
        movie_info as mi1,
        cast_info as ci,
        role_type as rt,
        name as n,
        movie_keyword as mk,
        keyword as k,
        movie_companies as mc,
        company_type as ct,
        company_name as cn
        WHERE
        t.id = ci.movie_id
        AND t.id = mc.movie_id
        AND t.id = mi1.movie_id
        AND t.id = mk.movie_id
        AND mc.company_type_id = ct.id
        AND mc.company_id = cn.id
        AND k.id = mk.keyword_id
        AND mi1.info_type_id = it1.id
        AND t.kind_id = kt.id
        AND ci.person_id = n.id
        AND ci.role_id = rt.id
        AND (it1.id IN ('3'))
        AND (mi1.info in ('Adventure','Animation','Crime','Drama'))
        AND (kt.kind in ('movie'))
        AND (rt.role in ('actor','actress'))
        AND (n.gender in ('f','m'))
        AND (n.surname_pcode in ('C4','C62','C632','D5','F6','F63','G63','H2','L5','M245','S','S6'))
        AND (t.production_year <= 1975)
        AND (t.production_year >= 1875)
        AND (cn.name in ('Columbia Broadcasting System (CBS)','Metro-Goldwyn-Mayer (MGM)','Paramount Pictures','Path Frres','Universal Pictures','Warner Home Video'))
        AND (ct.kind in ('distributors','production companies'))

2021-02-23 15:45:42.325 UTC [340570] LOG:  statement: SELECT MIN(chn.name) AS character_name, MIN(mi_idx.info) AS rating, MIN(t.title) AS complete_hero_movie FROM complete_cast AS cc, comp_cast_type AS cct1, comp_cast_type AS cct2, char_name AS chn, cast_info AS ci, info_type AS it2, keyword AS k, kind_type AS kt, movie_info_idx AS mi_idx, movie_keyword AS mk, name AS n, title AS t WHERE cct1.kind  = 'cast' AND cct2.kind  like '%complete%' AND chn.name  is not NULL and (chn.name like '%man%' or chn.name like '%Man%') AND it2.info  = 'rating' AND k.keyword  in ('superhero', 'marvel-comics', 'based-on-comic', 'tv-special', 'fight', 'violence', 'magnet', 'web', 'claw', 'laser') AND kt.kind  = 'movie' AND t.production_year  > 2000 AND kt.id = t.kind_id AND t.id = mk.movie_id AND t.id = ci.movie_id AND t.id = cc.movie_id AND t.id = mi_idx.movie_id AND mk.movie_id = ci.movie_id AND mk.movie_id = cc.movie_id AND mk.movie_id = mi_idx.movie_id AND ci.movie_id = cc.movie_id AND ci.movie_id = mi_idx.movie_id AND cc.movie_id = mi_idx.movie_id AND chn.id = ci.person_role_id AND n.id = ci.person_id AND k.id = mk.keyword_id AND cct1.id = cc.subject_id AND cct2.id = cc.status_id AND it2.id = mi_idx.info_type_id;

2021-02-23 15:45:42.463 UTC [340570] LOG:  Bao planning selected arm 0, in 136.014000 CPU ms.
2021-02-23 15:45:42.463 UTC [340570] STATEMENT:  SELECT MIN(chn.name) AS character_name, MIN(mi_idx.info) AS rating, MIN(t.title) AS complete_hero_movie FROM complete_cast AS cc, comp_cast_type AS cct1, comp_cast_type AS cct2, char_name AS chn, cast_info AS ci, info_type AS it2, keyword AS k, kind_type AS kt, movie_info_idx AS mi_idx, movie_keyword AS mk, name AS n, title AS t WHERE cct1.kind  = 'cast' AND cct2.kind  like '%complete%' AND chn.name  is not NULL and (chn.name like '%man%' or chn.name like '%Man%') AND it2.info  = 'rating' AND k.keyword  in ('superhero', 'marvel-comics', 'based-on-comic', 'tv-special', 'fight', 'violence', 'magnet', 'web', 'claw', 'laser') AND kt.kind  = 'movie' AND t.production_year  > 2000 AND kt.id = t.kind_id AND t.id = mk.movie_id AND t.id = ci.movie_id AND t.id = cc.movie_id AND t.id = mi_idx.movie_id AND mk.movie_id = ci.movie_id AND mk.movie_id = cc.movie_id AND mk.movie_id = mi_idx.movie_id AND ci.movie_id = cc.movie_id AND ci.movie_id = mi_idx.movie_id AND cc.movie_id = mi_idx.movie_id AND chn.id = ci.person_role_id AND n.id = ci.person_id AND k.id = mk.keyword_id AND cct1.id = cc.subject_id AND cct2.id = cc.status_id AND it2.id = mi_idx.info_type_id;

2021-02-23 15:45:46.384 UTC [340571] LOG:  statement: SELECT COUNT(*)
        FROM title as t,
        movie_info as mi1,
        kind_type as kt,
        info_type as it1,
        info_type as it3,
        info_type as it4,
        movie_info_idx as mii1,
        movie_info_idx as mii2,
        aka_name as an,
        name as n,
        info_type as it5,
        person_info as pi1,
        cast_info as ci,
        role_type as rt
        WHERE
        t.id = mi1.movie_id
        AND t.id = ci.movie_id
        AND t.id = mii1.movie_id
        AND t.id = mii2.movie_id
        AND mii2.movie_id = mii1.movie_id
        AND mi1.movie_id = mii1.movie_id
        AND mi1.info_type_id = it1.id
        AND mii1.info_type_id = it3.id
        AND mii2.info_type_id = it4.id
        AND t.kind_id = kt.id
        AND (kt.kind IN ('episode','movie'))
        AND (t.production_year <= 2015)
        AND (t.production_year >= 1925)
        AND (mi1.info IN ('Black and White'))
        AND (it1.id IN ('2'))
        AND it3.id = '100'
        AND it4.id = '101'
        AND (mii2.info ~ '^(?:[1-9]\d*|0)?(?:\.\d+)?$' AND mii2.info::float <= 7.0)
        AND (mii2.info ~ '^(?:[1-9]\d*|0)?(?:\.\d+)?$' AND 3.0 <= mii2.info::float)
        AND (mii1.info ~ '^(?:[1-9]\d*|0)?(?:\.\d+)?$' AND 0.0 <= mii1.info::float)
        AND (mii1.info ~ '^(?:[1-9]\d*|0)?(?:\.\d+)?$' AND mii1.info::float <= 10000.0)
        AND n.id = ci.person_id
        AND ci.person_id = pi1.person_id
        AND it5.id = pi1.info_type_id
        AND n.id = pi1.person_id
        AND n.id = an.person_id
        AND ci.person_id = an.person_id
        AND an.person_id = pi1.person_id
        AND rt.id = ci.role_id
        AND (n.gender in ('f') OR n.gender IS NULL)
        AND (n.name_pcode_nf in ('A5136','B4532','C6435','H4524','J2451','J6362','L2525','M6415','S4125','W5245'))
        AND (ci.note in ('(writer)') OR ci.note IS NULL)
        AND (rt.role in ('actress','cinematographer','writer'))
        AND (it5.id in ('26'))

2021-02-23 15:45:46.525 UTC [340571] LOG:  Bao planning selected arm 0, in 137.821000 CPU ms.
2021-02-23 15:45:46.525 UTC [340571] STATEMENT:  SELECT COUNT(*)
        FROM title as t,
        movie_info as mi1,
        kind_type as kt,
        info_type as it1,
        info_type as it3,
        info_type as it4,
        movie_info_idx as mii1,
        movie_info_idx as mii2,
        aka_name as an,
        name as n,
        info_type as it5,
        person_info as pi1,
        cast_info as ci,
        role_type as rt
        WHERE
        t.id = mi1.movie_id
        AND t.id = ci.movie_id
        AND t.id = mii1.movie_id
        AND t.id = mii2.movie_id
        AND mii2.movie_id = mii1.movie_id
        AND mi1.movie_id = mii1.movie_id
        AND mi1.info_type_id = it1.id
        AND mii1.info_type_id = it3.id
        AND mii2.info_type_id = it4.id
        AND t.kind_id = kt.id
        AND (kt.kind IN ('episode','movie'))
        AND (t.production_year <= 2015)
        AND (t.production_year >= 1925)
        AND (mi1.info IN ('Black and White'))
        AND (it1.id IN ('2'))
        AND it3.id = '100'
        AND it4.id = '101'
        AND (mii2.info ~ '^(?:[1-9]\d*|0)?(?:\.\d+)?$' AND mii2.info::float <= 7.0)
        AND (mii2.info ~ '^(?:[1-9]\d*|0)?(?:\.\d+)?$' AND 3.0 <= mii2.info::float)
        AND (mii1.info ~ '^(?:[1-9]\d*|0)?(?:\.\d+)?$' AND 0.0 <= mii1.info::float)
        AND (mii1.info ~ '^(?:[1-9]\d*|0)?(?:\.\d+)?$' AND mii1.info::float <= 10000.0)
        AND n.id = ci.person_id
        AND ci.person_id = pi1.person_id
        AND it5.id = pi1.info_type_id
        AND n.id = pi1.person_id
        AND n.id = an.person_id
        AND ci.person_id = an.person_id
        AND an.person_id = pi1.person_id
        AND rt.id = ci.role_id
        AND (n.gender in ('f') OR n.gender IS NULL)
        AND (n.name_pcode_nf in ('A5136','B4532','C6435','H4524','J2451','J6362','L2525','M6415','S4125','W5245'))
        AND (ci.note in ('(writer)') OR ci.note IS NULL)
        AND (rt.role in ('actress','cinematographer','writer'))
        AND (it5.id in ('26'))

2021-02-23 15:45:59.359 UTC [340576] LOG:  statement: SELECT COUNT(*) FROM title as t,
        kind_type as kt,
        info_type as it1,
        movie_info as mi1,
        cast_info as ci,
        role_type as rt,
        name as n,
        movie_keyword as mk,
        keyword as k,
        movie_companies as mc,
        company_type as ct,
        company_name as cn
        WHERE
        t.id = ci.movie_id
        AND t.id = mc.movie_id
        AND t.id = mi1.movie_id
        AND t.id = mk.movie_id
        AND mc.company_type_id = ct.id
        AND mc.company_id = cn.id
        AND k.id = mk.keyword_id
        AND mi1.info_type_id = it1.id
        AND t.kind_id = kt.id
        AND ci.person_id = n.id
        AND ci.role_id = rt.id
        AND (it1.id IN ('3'))
        AND (mi1.info in ('Adventure','Animation','Crime','Drama'))
        AND (kt.kind in ('movie'))
        AND (rt.role in ('actor','actress'))
        AND (n.gender in ('f','m'))
        AND (n.surname_pcode in ('C4','C62','C632','D5','F6','F63','G63','H2','L5','M245','S','S6'))
        AND (t.production_year <= 1975)
        AND (t.production_year >= 1875)
        AND (cn.name in ('Columbia Broadcasting System (CBS)','Metro-Goldwyn-Mayer (MGM)','Paramount Pictures','Path Frres','Universal Pictures','Warner Home Video'))
        AND (ct.kind in ('distributors','production companies'))

2021-02-23 15:46:54.771 UTC [340581] LOG:  statement: SELECT COUNT(*)
        FROM title as t,
        movie_info as mi1,
        kind_type as kt,
        info_type as it1,
        info_type as it3,
        info_type as it4,
        movie_info_idx as mii1,
        movie_info_idx as mii2,
        movie_keyword as mk,
        keyword as k,
        aka_name as an,
        name as n,
        info_type as it5,
        person_info as pi1,
        cast_info as ci,
        role_type as rt
        WHERE
        t.id = mi1.movie_id
        AND t.id = ci.movie_id
        AND t.id = mii1.movie_id
        AND t.id = mii2.movie_id
        AND t.id = mk.movie_id
        AND mk.keyword_id = k.id
        AND mi1.info_type_id = it1.id
        AND mii1.info_type_id = it3.id
        AND mii2.info_type_id = it4.id
        AND t.kind_id = kt.id
        AND (kt.kind IN ('episode'))
        AND (t.production_year <= 1975)
        AND (t.production_year >= 1925)
        AND (mi1.info IN ('Mono'))
        AND (it1.id IN ('13','6','8'))
        AND it3.id = '100'
        AND it4.id = '101'
        AND (mii2.info ~ '^(?:[1-9]\d*|0)?(?:\.\d+)?$' AND mii2.info::float <= 7.0)
        AND (mii2.info ~ '^(?:[1-9]\d*|0)?(?:\.\d+)?$' AND 3.0 <= mii2.info::float)
        AND (mii1.info ~ '^(?:[1-9]\d*|0)?(?:\.\d+)?$' AND 0.0 <= mii1.info::float)
        AND (mii1.info ~ '^(?:[1-9]\d*|0)?(?:\.\d+)?$' AND mii1.info::float <= 10000.0)
        AND n.id = ci.person_id
        AND ci.person_id = pi1.person_id
        AND it5.id = pi1.info_type_id
        AND n.id = pi1.person_id
        AND n.id = an.person_id
        AND rt.id = ci.role_id
        AND (n.gender in ('m') OR n.gender IS NULL)
        AND (n.name_pcode_nf in ('A4163','B6563','D1316','F6521','F6523','F6524','J5216','J5262','P3616'))
        AND (ci.note IS NULL)
        AND (rt.role in ('actor'))
        AND (it5.id in ('32'))

2021-02-23 15:47:11.062 UTC [340589] LOG:  statement: SELECT COUNT(*)
        FROM title as t,
        movie_info as mi1,
        kind_type as kt,
        info_type as it1,
        info_type as it3,
        info_type as it4,
        movie_info_idx as mii1,
        movie_info_idx as mii2,
        movie_keyword as mk,
        keyword as k,
        aka_name as an,
        name as n,
        info_type as it5,
        person_info as pi1,
        cast_info as ci,
        role_type as rt
        WHERE
        t.id = mi1.movie_id
        AND t.id = ci.movie_id
        AND t.id = mii1.movie_id
        AND t.id = mii2.movie_id
        AND t.id = mk.movie_id
        AND mk.keyword_id = k.id
        AND mi1.info_type_id = it1.id
        AND mii1.info_type_id = it3.id
        AND mii2.info_type_id = it4.id
        AND t.kind_id = kt.id
        AND (kt.kind IN ('episode'))
        AND (t.production_year <= 1975)
        AND (t.production_year >= 1925)
        AND (mi1.info IN ('Mono'))
        AND (it1.id IN ('13','6','8'))
        AND it3.id = '100'
        AND it4.id = '101'
        AND (mii2.info ~ '^(?:[1-9]\d*|0)?(?:\.\d+)?$' AND mii2.info::float <= 7.0)
        AND (mii2.info ~ '^(?:[1-9]\d*|0)?(?:\.\d+)?$' AND 3.0 <= mii2.info::float)
        AND (mii1.info ~ '^(?:[1-9]\d*|0)?(?:\.\d+)?$' AND 0.0 <= mii1.info::float)
        AND (mii1.info ~ '^(?:[1-9]\d*|0)?(?:\.\d+)?$' AND mii1.info::float <= 10000.0)
        AND n.id = ci.person_id
        AND ci.person_id = pi1.person_id
        AND it5.id = pi1.info_type_id
        AND n.id = pi1.person_id
        AND n.id = an.person_id
        AND rt.id = ci.role_id
        AND (n.gender in ('m') OR n.gender IS NULL)
        AND (n.name_pcode_nf in ('A4163','B6563','D1316','F6521','F6523','F6524','J5216','J5262','P3616'))
        AND (ci.note IS NULL)
        AND (rt.role in ('actor'))
        AND (it5.id in ('32'))

2021-02-23 15:47:27.244 UTC [340593] LOG:  statement: SELECT COUNT(*) FROM title as t,
        kind_type as kt,
        info_type as it1,
        movie_info as mi1,
        movie_info as mi2,
        info_type as it2,
        cast_info as ci,
        role_type as rt,
        name as n,
        movie_keyword as mk,
        keyword as k
        WHERE
        t.id = ci.movie_id
        AND t.id = mi1.movie_id
        AND t.id = mi2.movie_id
        AND t.id = mk.movie_id
        AND k.id = mk.keyword_id
        AND mi1.movie_id = mi2.movie_id
        AND mi1.info_type_id = it1.id
        AND mi2.info_type_id = it2.id
        AND (it1.id in ('7'))
        AND (it2.id in ('8'))
        AND t.kind_id = kt.id
        AND ci.person_id = n.id
        AND ci.role_id = rt.id
        AND (mi1.info in ('CAM:Panavision Cameras and Lenses','OFM:16 mm','OFM:35 mm','OFM:Video','PCS:Spherical','PFM:35 mm','RAT:1.33 : 1','RAT:1.37 : 1','RAT:1.66 : 1','RAT:1.78 : 1','RAT:2.35 : 1','RAT:4:3'))
        AND (mi2.info in ('East Germany','Hong Kong','Italy','Taiwan','UK','USA','West Germany'))
        AND (kt.kind in ('episode','movie'))
        AND (rt.role in ('production designer'))
        AND (n.gender in ('m'))
        AND (t.production_year <= 2008)
        AND (t.production_year >= 1952)
        AND (k.keyword IN ('death','father-son-relationship','fight','gay','independent-film','lesbian-sex','mother-daughter-relationship','murder','number-in-title'))

2021-02-23 15:47:40.664 UTC [340597] LOG:  statement: SELECT COUNT(*) FROM title as t,
        kind_type as kt,
        info_type as it1,
        movie_info as mi1,
        movie_info as mi2,
        info_type as it2,
        cast_info as ci,
        role_type as rt,
        name as n,
        movie_keyword as mk,
        keyword as k
        WHERE
        t.id = ci.movie_id
        AND t.id = mi1.movie_id
        AND t.id = mi2.movie_id
        AND t.id = mk.movie_id
        AND k.id = mk.keyword_id
        AND mi1.movie_id = mi2.movie_id
        AND mi1.info_type_id = it1.id
        AND mi2.info_type_id = it2.id
        AND (it1.id in ('7'))
        AND (it2.id in ('18'))
        AND t.kind_id = kt.id
        AND ci.person_id = n.id
        AND ci.role_id = rt.id
        AND (mi1.info in ('OFM:35 mm','OFM:Live','PFM:35 mm','RAT:1.33 : 1'))
        AND (mi2.info in ('20th Century Fox Studios - 10201 Pico Blvd., Century City, Los Angeles, California, USA','Desilu Studios - 9336 W. Washington Blvd., Culver City, California, USA','Hal Roach Studios - 8822 Washington Blvd., Culver City, California, USA','New York City, New York, USA','Revue Studios, Hollywood, Los Angeles, California, USA','Universal Studios - 100 Universal City Plaza, Universal City, California, USA','Warner Brothers Burbank Studios - 4000 Warner Boulevard, Burbank, California, USA'))
        AND (kt.kind in ('tv series','video game','video movie'))
        AND (rt.role in ('actress','writer'))
        AND (n.gender in ('f','m'))
        AND (t.production_year <= 1975)
        AND (t.production_year >= 1925)

2021-02-23 15:47:41.109 UTC [340600] LOG:  statement: SELECT COUNT(*) FROM title as t,
        kind_type as kt,
        info_type as it1,
        movie_info as mi1,
        movie_info as mi2,
        info_type as it2,
        cast_info as ci,
        role_type as rt,
        name as n,
        movie_keyword as mk,
        keyword as k
        WHERE
        t.id = ci.movie_id
        AND t.id = mi1.movie_id
        AND t.id = mi2.movie_id
        AND t.id = mk.movie_id
        AND k.id = mk.keyword_id
        AND mi1.movie_id = mi2.movie_id
        AND mi1.info_type_id = it1.id
        AND mi2.info_type_id = it2.id
        AND (it1.id in ('7'))
        AND (it2.id in ('8'))
        AND t.kind_id = kt.id
        AND ci.person_id = n.id
        AND ci.role_id = rt.id
        AND (mi1.info in ('CAM:Panavision Cameras and Lenses','OFM:16 mm','OFM:35 mm','OFM:Video','PCS:Spherical','PFM:35 mm','RAT:1.33 : 1','RAT:1.37 : 1','RAT:1.66 : 1','RAT:1.78 : 1','RAT:2.35 : 1','RAT:4:3'))
        AND (mi2.info in ('East Germany','Hong Kong','Italy','Taiwan','UK','USA','West Germany'))
        AND (kt.kind in ('episode','movie'))
        AND (rt.role in ('production designer'))
        AND (n.gender in ('f'))
        AND (t.production_year <= 2010)
        AND (t.production_year >= 1950)
        AND (k.keyword IN ('father-son-relationship','combat','gay','independent-film','lesbian-sex','mother-daughter-relationship','murder','number-in-title'))

2021-02-23 15:47:52.235 UTC [340603] LOG:  statement: SELECT COUNT(*) FROM title as t,
        kind_type as kt,
        info_type as it1,
        movie_info as mi1,
        movie_info as mi2,
        info_type as it2,
        cast_info as ci,
        role_type as rt,
        name as n,
        movie_keyword as mk,
        keyword as k
        WHERE
        t.id = ci.movie_id
        AND t.id = mi1.movie_id
        AND t.id = mi2.movie_id
        AND t.id = mk.movie_id
        AND k.id = mk.keyword_id
        AND mi1.movie_id = mi2.movie_id
        AND mi1.info_type_id = it1.id
        AND mi2.info_type_id = it2.id
        AND (it1.id in ('7'))
        AND (it2.id in ('8'))
        AND t.kind_id = kt.id
        AND ci.person_id = n.id
        AND ci.role_id = rt.id
        AND (mi1.info in ('CAM:Panavision Cameras and Lenses','OFM:16 mm','OFM:35 mm','OFM:Video','PCS:Spherical','PFM:35 mm','RAT:1.33 : 1','RAT:1.37 : 1','RAT:1.66 : 1','RAT:1.78 : 1','RAT:2.35 : 1','RAT:4:3'))
        AND (mi2.info in ('East Germany','Hong Kong','Italy','Taiwan','UK','USA','West Germany'))
        AND (kt.kind in ('episode','movie'))
        AND (rt.role in ('production designer'))
        AND (n.gender in ('f'))
        AND (t.production_year <= 2010)
        AND (t.production_year >= 1952)
        AND (k.keyword IN ('death','elmo','father-son-relationship','fight','gay','independent-film','lesbian-sex','mother-daughter-relationship','murder','number-in-title'))

2021-02-23 15:48:06.653 UTC [340608] LOG:  statement: SELECT MIN(k.keyword) AS movie_keyword, MIN(n.name) AS actor_name, MIN(t.title) AS marvel_movie FROM cast_info AS ci, keyword AS k, movie_keyword AS mk, name AS n, title AS t WHERE k.keyword = 'marvel-cinematic-universe' AND n.name LIKE '%Downey%Robert%' AND t.production_year > 2000 AND k.id = mk.keyword_id AND t.id = mk.movie_id AND t.id = ci.movie_id AND ci.movie_id = mk.movie_id AND n.id = ci.person_id;

2021-02-23 15:48:06.720 UTC [340609] LOG:  statement: SELECT COUNT(*)
        FROM title as t,
        movie_info as mi1,
        kind_type as kt,
        info_type as it1,
        info_type as it3,
        info_type as it4,
        movie_info_idx as mii1,
        movie_info_idx as mii2,
        aka_name as an,
        name as n,
        info_type as it5,
        person_info as pi1,
        cast_info as ci,
        role_type as rt
        WHERE
        t.id = mi1.movie_id
        AND t.id = ci.movie_id
        AND t.id = mii1.movie_id
        AND t.id = mii2.movie_id
        AND mii2.movie_id = mii1.movie_id
        AND mi1.movie_id = mii1.movie_id
        AND mi1.info_type_id = it1.id
        AND mii1.info_type_id = it3.id
        AND mii2.info_type_id = it4.id
        AND t.kind_id = kt.id
        AND (kt.kind IN ('episode','movie'))
        AND (t.production_year <= 2015)
        AND (t.production_year >= 1925)
        AND (mi1.info IN ('Black and White'))
        AND (it1.id IN ('2'))
        AND it3.id = '100'
        AND it4.id = '101'
        AND (mii2.info ~ '^(?:[1-9]\d*|0)?(?:\.\d+)?$' AND mii2.info::float <= 7.0)
        AND (mii2.info ~ '^(?:[1-9]\d*|0)?(?:\.\d+)?$' AND 3.0 <= mii2.info::float)
        AND (mii1.info ~ '^(?:[1-9]\d*|0)?(?:\.\d+)?$' AND 0.0 <= mii1.info::float)
        AND (mii1.info ~ '^(?:[1-9]\d*|0)?(?:\.\d+)?$' AND mii1.info::float <= 10000.0)
        AND n.id = ci.person_id
        AND ci.person_id = pi1.person_id
        AND it5.id = pi1.info_type_id
        AND n.id = pi1.person_id
        AND n.id = an.person_id
        AND ci.person_id = an.person_id
        AND an.person_id = pi1.person_id
        AND rt.id = ci.role_id
        AND (n.gender in ('f') OR n.gender IS NULL)
        AND (n.name_pcode_nf in ('A5136','B4532','C6435','H4524','J2451','J6362','L2525','M6415','S4125','W5245'))
        AND (ci.note in ('(writer)') OR ci.note IS NULL)
        AND (rt.role in ('actress','cinematographer','writer'))
        AND (it5.id in ('26'))

2021-02-23 15:48:19.462 UTC [340613] LOG:  statement: SELECT MIN(lt.link) AS link_type, MIN(t1.title) AS first_movie, MIN(t2.title) AS second_movie FROM keyword AS k, link_type AS lt, movie_keyword AS mk, movie_link AS ml, title AS t1, title AS t2 WHERE k.keyword ='10,000-mile-club' AND mk.keyword_id = k.id AND t1.id = mk.movie_id AND ml.movie_id = t1.id AND ml.linked_movie_id = t2.id AND lt.id = ml.link_type_id AND mk.movie_id = t1.id;

2021-02-23 15:48:19.496 UTC [340614] LOG:  statement: SELECT MIN(mi.info) AS movie_budget, MIN(mi_idx.info) AS movie_votes, MIN(t.title) AS movie_title FROM cast_info AS ci, info_type AS it1, info_type AS it2, movie_info AS mi, movie_info_idx AS mi_idx, name AS n, title AS t WHERE ci.note  in ('(writer)', '(head writer)', '(written by)', '(story)', '(story editor)') AND it1.info  = 'genres' AND it2.info  = 'votes' AND mi.info  in ('Horror', 'Action', 'Sci-Fi', 'Thriller', 'Crime', 'War') AND n.gender  = 'm' AND t.id = mi.movie_id AND t.id = mi_idx.movie_id AND t.id = ci.movie_id AND ci.movie_id = mi.movie_id AND ci.movie_id = mi_idx.movie_id AND mi.movie_id = mi_idx.movie_id AND n.id = ci.person_id AND it1.id = mi.info_type_id AND it2.id = mi_idx.info_type_id;

2021-02-23 15:48:23.228 UTC [340617] LOG:  statement: SELECT COUNT(*) FROM title as t,
        kind_type as kt,
        info_type as it1,
        movie_info as mi1,
        movie_info as mi2,
        info_type as it2,
        cast_info as ci,
        role_type as rt,
        name as n,
        movie_keyword as mk,
        keyword as k
        WHERE
        t.id = ci.movie_id
        AND t.id = mi1.movie_id
        AND t.id = mi2.movie_id
        AND t.id = mk.movie_id
        AND k.id = mk.keyword_id
        AND mi1.movie_id = mi2.movie_id
        AND mi1.info_type_id = it1.id
        AND mi2.info_type_id = it2.id
        AND (it1.id in ('7'))
        AND (it2.id in ('8'))
        AND t.kind_id = kt.id
        AND ci.person_id = n.id
        AND ci.role_id = rt.id
        AND (mi1.info in ('CAM:Panavision Cameras and Lenses','OFM:16 mm','OFM:35 mm','OFM:Video','PCS:Spherical','PFM:35 mm','RAT:1.33 : 1','RAT:1.37 : 1','RAT:1.66 : 1','RAT:1.78 : 1','RAT:2.35 : 1','RAT:4:3'))
        AND (mi2.info in ('East Germany','Hong Kong','Italy','Taiwan','UK','USA','West Germany'))
        AND (kt.kind in ('episode','movie'))
        AND (rt.role in ('production designer'))
        AND (n.gender in ('m'))
        AND (t.production_year <= 2008)
        AND (t.production_year >= 1952)
        AND (k.keyword IN ('death','father-son-relationship','fight','gay','independent-film','lesbian-sex','mother-daughter-relationship','murder','number-in-title'))

2021-02-23 15:48:36.478 UTC [340621] LOG:  statement: SELECT COUNT(*) FROM title as t,
        kind_type as kt,
        info_type as it1,
        movie_info as mi1,
        movie_info as mi2,
        info_type as it2,
        cast_info as ci,
        role_type as rt,
        name as n,
        movie_keyword as mk,
        keyword as k
        WHERE
        t.id = ci.movie_id
        AND t.id = mi1.movie_id
        AND t.id = mi2.movie_id
        AND t.id = mk.movie_id
        AND k.id = mk.keyword_id
        AND mi1.movie_id = mi2.movie_id
        AND mi1.info_type_id = it1.id
        AND mi2.info_type_id = it2.id
        AND (it1.id in ('7'))
        AND (it2.id in ('18'))
        AND t.kind_id = kt.id
        AND ci.person_id = n.id
        AND ci.role_id = rt.id
        AND (mi1.info in ('OFM:35 mm','OFM:Live','PFM:35 mm','RAT:1.33 : 1'))
        AND (mi2.info in ('20th Century Fox Studios - 10201 Pico Blvd., Century City, Los Angeles, California, USA','Desilu Studios - 9336 W. Washington Blvd., Culver City, California, USA','Hal Roach Studios - 8822 Washington Blvd., Culver City, California, USA','New York City, New York, USA','Revue Studios, Hollywood, Los Angeles, California, USA','Universal Studios - 100 Universal City Plaza, Universal City, California, USA','Warner Brothers Burbank Studios - 4000 Warner Boulevard, Burbank, California, USA'))
        AND (kt.kind in ('tv series','video game','video movie'))
        AND (rt.role in ('actress','writer'))
        AND (n.gender in ('f','m'))
        AND (t.production_year <= 1975)
        AND (t.production_year >= 1925)

2021-02-23 15:48:36.906 UTC [340624] LOG:  statement: SELECT COUNT(*) FROM title as t,
        kind_type as kt,
        info_type as it1,
        movie_info as mi1,
        cast_info as ci,
        role_type as rt,
        name as n,
        movie_keyword as mk,
        keyword as k,
        movie_companies as mc,
        company_type as ct,
        company_name as cn
        WHERE
        t.id = ci.movie_id
        AND t.id = mc.movie_id
        AND t.id = mi1.movie_id
        AND t.id = mk.movie_id
        AND mc.company_type_id = ct.id
        AND mc.company_id = cn.id
        AND k.id = mk.keyword_id
        AND mi1.info_type_id = it1.id
        AND t.kind_id = kt.id
        AND ci.person_id = n.id
        AND ci.role_id = rt.id
        AND (it1.id IN ('2'))
        AND (mi1.info in ('Black and White','Color'))
        AND (kt.kind in ('movie','tv movie','tv series'))
        AND (rt.role in ('actor','composer','miscellaneous crew','producer','production designer'))
        AND (n.gender in ('m') OR n.gender IS NULL)
        AND (n.name_pcode_cf in ('A2365','A6252','C52','D1614','E1524','E2163','L1214','L2','P5215','Q5325','R2425','S1452','T5212','V4524','V4626'))
        AND (t.production_year <= 2015)
        AND (t.production_year >= 1990)
        AND (cn.name in ('ABS-CBN','American Broadcasting Company (ABC)','British Broadcasting Corporation (BBC)'))
        AND (ct.kind in ('distributors','production companies'))

2021-02-23 15:49:04.470 UTC [340629] LOG:  statement: SELECT COUNT(*) FROM title as t,
        kind_type as kt,
        info_type as it1,
        movie_info as mi1,
        movie_info as mi2,
        info_type as it2,
        cast_info as ci,
        role_type as rt,
        name as n,
        movie_keyword as mk,
        keyword as k
        WHERE
        t.id = ci.movie_id
        AND t.id = mi1.movie_id
        AND t.id = mi2.movie_id
        AND t.id = mk.movie_id
        AND k.id = mk.keyword_id
        AND mi1.movie_id = mi2.movie_id
        AND mi1.info_type_id = it1.id
        AND mi2.info_type_id = it2.id
        AND (it1.id in ('7'))
        AND (it2.id in ('8'))
        AND t.kind_id = kt.id
        AND ci.person_id = n.id
        AND ci.role_id = rt.id
        AND (mi1.info in ('MET:600 m','OFM:35 mm','PCS:Spherical','PFM:35 mm','RAT:1.37 : 1'))
        AND (mi2.info in ('France','Germany','Japan','Mexico','Portugal','Spain','UK','USA'))
        AND (kt.kind in ('tv series','video game','video movie'))
        AND (rt.role in ('producer'))
        AND (n.gender in ('m') OR n.gender IS NULL)
        AND (t.production_year <= 1975)
        AND (t.production_year >= 1925)

2021-02-23 15:49:05.580 UTC [340632] LOG:  statement: SELECT COUNT(*)
        FROM title as t,
        movie_info as mi1,
        kind_type as kt,
        info_type as it1,
        info_type as it3,
        info_type as it4,
        movie_info_idx as mii1,
        movie_info_idx as mii2,
        movie_keyword as mk,
        keyword as k,
        aka_name as an,
        name as n,
        info_type as it5,
        person_info as pi1,
        cast_info as ci,
        role_type as rt
        WHERE
        t.id = mi1.movie_id
        AND t.id = ci.movie_id
        AND t.id = mii1.movie_id
        AND t.id = mii2.movie_id
        AND t.id = mk.movie_id
        AND mk.keyword_id = k.id
        AND mi1.info_type_id = it1.id
        AND mii1.info_type_id = it3.id
        AND mii2.info_type_id = it4.id
        AND t.kind_id = kt.id
        AND (kt.kind IN ('episode','movie'))
        AND (t.production_year <= 2015)
        AND (t.production_year >= 1925)
        AND (mi1.info IN ('Austria','Czechoslovakia','Denmark','Hong Kong','Poland','Portugal','South Korea','Soviet Union','Sweden','Switzerland','Turkey','Yugoslavia'))
        AND (it1.id IN ('15','8','97'))
        AND it3.id = '100'
        AND it4.id = '101'
        AND (mii2.info ~ '^(?:[1-9]\d*|0)?(?:\.\d+)?$' AND mii2.info::float <= 8.0)
        AND (mii2.info ~ '^(?:[1-9]\d*|0)?(?:\.\d+)?$' AND 0.0 <= mii2.info::float)
        AND (mii1.info ~ '^(?:[1-9]\d*|0)?(?:\.\d+)?$' AND 0.0 <= mii1.info::float)
        AND (mii1.info ~ '^(?:[1-9]\d*|0)?(?:\.\d+)?$' AND mii1.info::float <= 1000.0)
        AND n.id = ci.person_id
        AND ci.person_id = pi1.person_id
        AND it5.id = pi1.info_type_id
        AND n.id = pi1.person_id
        AND n.id = an.person_id
        AND rt.id = ci.role_id
        AND (n.gender IS NULL)
        AND (n.name_pcode_nf in ('A4163','A4253','A5362','A6532','C5321','C6231','C6235','R516','R5316','S3152','S3521') OR n.name_pcode_nf IS NULL)
        AND (ci.note in ('(deviser)','(producer)','(production assistant)','(senior producer)','(supervising producer)','(writer)') OR ci.note IS NULL)
        AND (rt.role in ('cinematographer','composer','director','editor','miscellaneous crew','producer','production designer','writer'))
        AND (it5.id in ('19'))

